<?xml version="1.0" encoding="UTF-8"?>
<testsuite xmlns:xsi="http://www.w3.org/2001/XMLSchema-instance" xsi:noNamespaceSchemaLocation="https://maven.apache.org/surefire/maven-surefire-plugin/xsd/surefire-test-report.xsd" version="3.0.2" name="com.sistema.electronico_backend.ElectronicoBackendApplicationTests" time="4.061" tests="1" errors="0" skipped="0" failures="0">
  <properties>
[...]
</properties>
  <testcase name="contextLoads" classname="com.sistema.electronico_backend.ElectronicoBackendApplicationTests" time="0.8">
    <system-out><![CDATA[22:25:38.440 [main] INFO org.springframework.test.context.support.AnnotationConfigContextLoaderUtils -- Could not detect default configuration classes for test class [com.sistema.electronico_backend.ElectronicoBackendApplicationTests]: ElectronicoBackendApplicationTests does not declare any static, non-private, non-final, nested classes annotated with @Configuration.
22:25:38.540 [main] INFO org.springframework.boot.test.context.SpringBootTestContextBootstrapper -- Found @SpringBootConfiguration com.sistema.electronico_backend.ElectronicoBackendApplication for test class com.sistema.electronico_backend.ElectronicoBackendApplicationTests

  .   ____          _            __ _ _
 /\\ / ___'_ __ _ _(_)_ __  __ _ \ \ \ \
( ( )\___ | '_ | '_| | '_ \/ _` | \ \ \ \
 \\/  ___)| |_)| | | | | || (_| |  ) ) ) )
  '  |____| .__|_| |_|_| |_\__, | / / / /
 =========|_|==============|___/=/_/_/_/

 :: Spring Boot ::                (v3.4.1)

2024-12-29T22:25:38.960-05:00  INFO 24872 --- [electronico-backend] [           main] c.s.e.ElectronicoBackendApplicationTests : Starting ElectronicoBackendApplicationTests using Java 17.0.11 with PID 24872 (started by ASUS in C:\Users\ASUS\Desktop\ProJava\sistemaElectronico\electronico-backend)
2024-12-29T22:25:38.961-05:00  INFO 24872 --- [electronico-backend] [           main] c.s.e.ElectronicoBackendApplicationTests : No active profile set, falling back to 1 default profile: "default"
2024-12-29T22:25:38.961-05:00 DEBUG 24872 --- [electronico-backend] [           main] o.s.boot.SpringApplication               : Loading source class com.sistema.electronico_backend.ElectronicoBackendApplication
2024-12-29T22:25:38.990-05:00 DEBUG 24872 --- [electronico-backend] [           main] r.c.GenericReactiveWebApplicationContext : Refreshing org.springframework.boot.web.reactive.context.GenericReactiveWebApplicationContext@5b69fd74
2024-12-29T22:25:39.002-05:00 DEBUG 24872 --- [electronico-backend] [           main] o.s.b.f.s.DefaultListableBeanFactory     : Creating shared instance of singleton bean 'org.springframework.context.annotation.internalConfigurationAnnotationProcessor'
2024-12-29T22:25:39.017-05:00 DEBUG 24872 --- [electronico-backend] [           main] o.s.b.f.s.DefaultListableBeanFactory     : Creating shared instance of singleton bean 'org.springframework.boot.autoconfigure.internalCachingMetadataReaderFactory'
2024-12-29T22:25:39.063-05:00 DEBUG 24872 --- [electronico-backend] [           main] o.s.c.a.ClassPathBeanDefinitionScanner   : Identified candidate component class: file [C:\Users\ASUS\Desktop\ProJava\sistemaElectronico\electronico-backend\target\classes\com\sistema\electronico_backend\controller\CustomerController.class]
2024-12-29T22:25:39.067-05:00 DEBUG 24872 --- [electronico-backend] [           main] o.s.c.a.ClassPathBeanDefinitionScanner   : Identified candidate component class: file [C:\Users\ASUS\Desktop\ProJava\sistemaElectronico\electronico-backend\target\classes\com\sistema\electronico_backend\controller\OrderController.class]
2024-12-29T22:25:39.068-05:00 DEBUG 24872 --- [electronico-backend] [           main] o.s.c.a.ClassPathBeanDefinitionScanner   : Identified candidate component class: file [C:\Users\ASUS\Desktop\ProJava\sistemaElectronico\electronico-backend\target\classes\com\sistema\electronico_backend\controller\ProducController.class]
2024-12-29T22:25:39.082-05:00 DEBUG 24872 --- [electronico-backend] [           main] o.s.c.a.ClassPathBeanDefinitionScanner   : Ignored because not a concrete top-level class: file [C:\Users\ASUS\Desktop\ProJava\sistemaElectronico\electronico-backend\target\classes\com\sistema\electronico_backend\repository\mongo\OrderRepository.class]
2024-12-29T22:25:39.082-05:00 DEBUG 24872 --- [electronico-backend] [           main] o.s.c.a.ClassPathBeanDefinitionScanner   : Ignored because not a concrete top-level class: file [C:\Users\ASUS\Desktop\ProJava\sistemaElectronico\electronico-backend\target\classes\com\sistema\electronico_backend\repository\postgres\CustomerRepository.class]
2024-12-29T22:25:39.083-05:00 DEBUG 24872 --- [electronico-backend] [           main] o.s.c.a.ClassPathBeanDefinitionScanner   : Ignored because not a concrete top-level class: file [C:\Users\ASUS\Desktop\ProJava\sistemaElectronico\electronico-backend\target\classes\com\sistema\electronico_backend\repository\postgres\ProductRepository.class]
2024-12-29T22:25:39.084-05:00 DEBUG 24872 --- [electronico-backend] [           main] o.s.c.a.ClassPathBeanDefinitionScanner   : Identified candidate component class: file [C:\Users\ASUS\Desktop\ProJava\sistemaElectronico\electronico-backend\target\classes\com\sistema\electronico_backend\service\CustomerService.class]
2024-12-29T22:25:39.085-05:00 DEBUG 24872 --- [electronico-backend] [           main] o.s.c.a.ClassPathBeanDefinitionScanner   : Identified candidate component class: file [C:\Users\ASUS\Desktop\ProJava\sistemaElectronico\electronico-backend\target\classes\com\sistema\electronico_backend\service\OrderService.class]
2024-12-29T22:25:39.085-05:00 DEBUG 24872 --- [electronico-backend] [           main] o.s.c.a.ClassPathBeanDefinitionScanner   : Identified candidate component class: file [C:\Users\ASUS\Desktop\ProJava\sistemaElectronico\electronico-backend\target\classes\com\sistema\electronico_backend\service\ProductoService.class]
2024-12-29T22:25:39.381-05:00  INFO 24872 --- [electronico-backend] [           main] .s.d.r.c.RepositoryConfigurationDelegate : Multiple Spring Data modules found, entering strict repository configuration mode
2024-12-29T22:25:39.381-05:00  INFO 24872 --- [electronico-backend] [           main] .s.d.r.c.RepositoryConfigurationDelegate : Bootstrapping Spring Data MongoDB repositories in DEFAULT mode.
2024-12-29T22:25:39.386-05:00 DEBUG 24872 --- [electronico-backend] [           main] .s.d.r.c.RepositoryConfigurationDelegate : Scanning for MongoDB repositories in packages com.sistema.electronico_backend.repository.mongo.
2024-12-29T22:25:39.390-05:00 DEBUG 24872 --- [electronico-backend] [           main] .i.s.PathMatchingResourcePatternResolver : Skipping search for files matching pattern [**/*.class]: directory [C:\Users\ASUS\Desktop\ProJava\sistemaElectronico\electronico-backend\target\test-classes\com\sistema\electronico_backend\repository\mongo] does not exist
2024-12-29T22:25:39.391-05:00 DEBUG 24872 --- [electronico-backend] [           main] o.s.d.r.c.RepositoryComponentProvider    : Identified candidate component class: file [C:\Users\ASUS\Desktop\ProJava\sistemaElectronico\electronico-backend\target\classes\com\sistema\electronico_backend\repository\mongo\OrderRepository.class]
2024-12-29T22:25:39.461-05:00  INFO 24872 --- [electronico-backend] [           main] .s.d.r.c.RepositoryConfigurationDelegate : Finished Spring Data repository scanning in 74 ms. Found 0 MongoDB repository interfaces.
2024-12-29T22:25:39.464-05:00  INFO 24872 --- [electronico-backend] [           main] .s.d.r.c.RepositoryConfigurationDelegate : Multiple Spring Data modules found, entering strict repository configuration mode
2024-12-29T22:25:39.466-05:00  INFO 24872 --- [electronico-backend] [           main] .s.d.r.c.RepositoryConfigurationDelegate : Bootstrapping Spring Data R2DBC repositories in DEFAULT mode.
2024-12-29T22:25:39.467-05:00 DEBUG 24872 --- [electronico-backend] [           main] .s.d.r.c.RepositoryConfigurationDelegate : Scanning for R2DBC repositories in packages com.sistema.electronico_backend.repository.postgres.
2024-12-29T22:25:39.467-05:00 DEBUG 24872 --- [electronico-backend] [           main] .i.s.PathMatchingResourcePatternResolver : Skipping search for files matching pattern [**/*.class]: directory [C:\Users\ASUS\Desktop\ProJava\sistemaElectronico\electronico-backend\target\test-classes\com\sistema\electronico_backend\repository\postgres] does not exist
2024-12-29T22:25:39.468-05:00 DEBUG 24872 --- [electronico-backend] [           main] o.s.d.r.c.RepositoryComponentProvider    : Identified candidate component class: file [C:\Users\ASUS\Desktop\ProJava\sistemaElectronico\electronico-backend\target\classes\com\sistema\electronico_backend\repository\postgres\CustomerRepository.class]
2024-12-29T22:25:39.469-05:00 DEBUG 24872 --- [electronico-backend] [           main] o.s.d.r.c.RepositoryComponentProvider    : Identified candidate component class: file [C:\Users\ASUS\Desktop\ProJava\sistemaElectronico\electronico-backend\target\classes\com\sistema\electronico_backend\repository\postgres\ProductRepository.class]
2024-12-29T22:25:39.475-05:00 DEBUG 24872 --- [electronico-backend] [           main] .i.s.PathMatchingResourcePatternResolver : Skipping search for files matching pattern [**/*Impl.class]: directory [C:\Users\ASUS\Desktop\ProJava\sistemaElectronico\electronico-backend\target\test-classes\com\sistema\electronico_backend\repository\postgres] does not exist
2024-12-29T22:25:39.482-05:00  INFO 24872 --- [electronico-backend] [           main] .s.d.r.c.RepositoryConfigurationDelegate : Finished Spring Data repository scanning in 16 ms. Found 2 R2DBC repository interfaces.
2024-12-29T22:25:39.609-05:00  INFO 24872 --- [electronico-backend] [           main] .s.d.r.c.RepositoryConfigurationDelegate : Multiple Spring Data modules found, entering strict repository configuration mode
2024-12-29T22:25:39.609-05:00  INFO 24872 --- [electronico-backend] [           main] .s.d.r.c.RepositoryConfigurationDelegate : Bootstrapping Spring Data Reactive MongoDB repositories in DEFAULT mode.
2024-12-29T22:25:39.611-05:00 DEBUG 24872 --- [electronico-backend] [           main] o.s.b.f.s.DefaultListableBeanFactory     : Creating shared instance of singleton bean 'org.springframework.boot.autoconfigure.AutoConfigurationPackages'
2024-12-29T22:25:39.620-05:00 DEBUG 24872 --- [electronico-backend] [           main] o.s.b.a.AutoConfigurationPackages        : @EnableAutoConfiguration was declared on a class in the package 'com.sistema.electronico_backend'. Automatic @Repository and @Entity scanning is enabled.
2024-12-29T22:25:39.621-05:00 DEBUG 24872 --- [electronico-backend] [           main] .s.d.r.c.RepositoryConfigurationDelegate : Scanning for Reactive MongoDB repositories in packages com.sistema.electronico_backend.
2024-12-29T22:25:39.625-05:00 DEBUG 24872 --- [electronico-backend] [           main] o.s.d.r.c.RepositoryComponentProvider    : Identified candidate component class: file [C:\Users\ASUS\Desktop\ProJava\sistemaElectronico\electronico-backend\target\classes\com\sistema\electronico_backend\repository\mongo\OrderRepository.class]
2024-12-29T22:25:39.625-05:00 DEBUG 24872 --- [electronico-backend] [           main] o.s.d.r.c.RepositoryComponentProvider    : Identified candidate component class: file [C:\Users\ASUS\Desktop\ProJava\sistemaElectronico\electronico-backend\target\classes\com\sistema\electronico_backend\repository\postgres\CustomerRepository.class]
2024-12-29T22:25:39.625-05:00 DEBUG 24872 --- [electronico-backend] [           main] o.s.d.r.c.RepositoryComponentProvider    : Identified candidate component class: file [C:\Users\ASUS\Desktop\ProJava\sistemaElectronico\electronico-backend\target\classes\com\sistema\electronico_backend\repository\postgres\ProductRepository.class]
2024-12-29T22:25:39.626-05:00  INFO 24872 --- [electronico-backend] [           main] .RepositoryConfigurationExtensionSupport : Spring Data Reactive MongoDB - Could not safely identify store assignment for repository candidate interface com.sistema.electronico_backend.repository.postgres.CustomerRepository; If you want this repository to be a Reactive MongoDB repository, consider annotating your entities with one of these annotations: org.springframework.data.mongodb.core.mapping.Document (preferred), or consider extending one of the following types with your repository: org.springframework.data.mongodb.repository.ReactiveMongoRepository
2024-12-29T22:25:39.627-05:00  INFO 24872 --- [electronico-backend] [           main] .RepositoryConfigurationExtensionSupport : Spring Data Reactive MongoDB - Could not safely identify store assignment for repository candidate interface com.sistema.electronico_backend.repository.postgres.ProductRepository; If you want this repository to be a Reactive MongoDB repository, consider annotating your entities with one of these annotations: org.springframework.data.mongodb.core.mapping.Document (preferred), or consider extending one of the following types with your repository: org.springframework.data.mongodb.repository.ReactiveMongoRepository
2024-12-29T22:25:39.631-05:00  INFO 24872 --- [electronico-backend] [           main] .s.d.r.c.RepositoryConfigurationDelegate : Finished Spring Data repository scanning in 9 ms. Found 1 Reactive MongoDB repository interface.
2024-12-29T22:25:39.772-05:00 DEBUG 24872 --- [electronico-backend] [           main] o.s.b.f.s.DefaultListableBeanFactory     : Creating shared instance of singleton bean 'propertySourcesPlaceholderConfigurer'
2024-12-29T22:25:39.777-05:00 DEBUG 24872 --- [electronico-backend] [           main] o.s.b.f.s.DefaultListableBeanFactory     : Creating shared instance of singleton bean 'org.springframework.boot.test.mock.mockito.MockitoPostProcessor'
2024-12-29T22:25:39.777-05:00 DEBUG 24872 --- [electronico-backend] [           main] o.s.b.f.s.DefaultListableBeanFactory     : Creating shared instance of singleton bean 'org.springframework.boot.sql.init.dependency.DatabaseInitializationDependencyConfigurer$DependsOnDatabaseInitializationPostProcessor'
2024-12-29T22:25:39.803-05:00 DEBUG 24872 --- [electronico-backend] [           main] o.s.b.f.s.DefaultListableBeanFactory     : Creating shared instance of singleton bean 'org.springframework.context.event.internalEventListenerProcessor'
2024-12-29T22:25:39.805-05:00 DEBUG 24872 --- [electronico-backend] [           main] o.s.b.f.s.DefaultListableBeanFactory     : Creating shared instance of singleton bean 'forceAutoProxyCreatorToUseClassProxying'
2024-12-29T22:25:39.806-05:00 DEBUG 24872 --- [electronico-backend] [           main] o.s.b.f.s.DefaultListableBeanFactory     : Creating shared instance of singleton bean 'org.springframework.context.event.internalEventListenerFactory'
2024-12-29T22:25:39.806-05:00 DEBUG 24872 --- [electronico-backend] [           main] o.s.b.f.s.DefaultListableBeanFactory     : Creating shared instance of singleton bean 'org.springframework.transaction.config.internalTransactionalEventListenerFactory'
2024-12-29T22:25:39.808-05:00 DEBUG 24872 --- [electronico-backend] [           main] o.s.b.f.s.DefaultListableBeanFactory     : Creating shared instance of singleton bean 'org.springframework.boot.test.mock.mockito.MockitoPostProcessor$SpyPostProcessor'
2024-12-29T22:25:39.809-05:00 DEBUG 24872 --- [electronico-backend] [           main] o.s.b.f.s.DefaultListableBeanFactory     : Creating shared instance of singleton bean 'org.springframework.context.annotation.internalAutowiredAnnotationProcessor'
2024-12-29T22:25:39.811-05:00 DEBUG 24872 --- [electronico-backend] [           main] o.s.b.f.s.DefaultListableBeanFactory     : Creating shared instance of singleton bean 'org.springframework.context.annotation.internalCommonAnnotationProcessor'
2024-12-29T22:25:39.814-05:00 DEBUG 24872 --- [electronico-backend] [           main] o.s.b.f.s.DefaultListableBeanFactory     : Creating shared instance of singleton bean 'org.springframework.boot.context.properties.ConfigurationPropertiesBindingPostProcessor'
2024-12-29T22:25:39.814-05:00 DEBUG 24872 --- [electronico-backend] [           main] o.s.b.f.s.DefaultListableBeanFactory     : Creating shared instance of singleton bean 'org.springframework.boot.context.internalConfigurationPropertiesBinder'
2024-12-29T22:25:39.816-05:00 DEBUG 24872 --- [electronico-backend] [           main] o.s.b.f.s.DefaultListableBeanFactory     : Creating shared instance of singleton bean 'methodValidationPostProcessor'
2024-12-29T22:25:39.819-05:00 DEBUG 24872 --- [electronico-backend] [           main] o.s.b.f.s.DefaultListableBeanFactory     : Autowiring by type from bean name 'methodValidationPostProcessor' via factory method to bean named 'environment'
2024-12-29T22:25:39.827-05:00 DEBUG 24872 --- [electronico-backend] [           main] o.s.b.f.s.DefaultListableBeanFactory     : Creating shared instance of singleton bean 'org.springframework.boot.context.properties.EnableConfigurationPropertiesRegistrar.methodValidationExcludeFilter'
2024-12-29T22:25:39.839-05:00 DEBUG 24872 --- [electronico-backend] [           main] o.s.b.f.s.DefaultListableBeanFactory     : Creating shared instance of singleton bean 'persistenceExceptionTranslationPostProcessor'
2024-12-29T22:25:39.839-05:00 DEBUG 24872 --- [electronico-backend] [           main] o.s.b.f.s.DefaultListableBeanFactory     : Autowiring by type from bean name 'persistenceExceptionTranslationPostProcessor' via factory method to bean named 'environment'
2024-12-29T22:25:39.841-05:00 DEBUG 24872 --- [electronico-backend] [           main] o.s.b.f.s.DefaultListableBeanFactory     : Creating shared instance of singleton bean 'org.springframework.aop.config.internalAutoProxyCreator'
2024-12-29T22:25:39.845-05:00 DEBUG 24872 --- [electronico-backend] [           main] o.s.b.f.s.DefaultListableBeanFactory     : Creating shared instance of singleton bean 'webServerFactoryCustomizerBeanPostProcessor'
2024-12-29T22:25:39.848-05:00 DEBUG 24872 --- [electronico-backend] [           main] o.s.b.f.s.DefaultListableBeanFactory     : Creating shared instance of singleton bean 'org.springframework.test.context.support.internalDynamicPropertyRegistrarBeanInitializer'
2024-12-29T22:25:39.849-05:00 DEBUG 24872 --- [electronico-backend] [           main] o.s.b.f.s.DefaultListableBeanFactory     : Creating shared instance of singleton bean 'org.springframework.transaction.config.internalTransactionAdvisor'
2024-12-29T22:25:39.849-05:00 DEBUG 24872 --- [electronico-backend] [           main] o.s.b.f.s.DefaultListableBeanFactory     : Creating shared instance of singleton bean 'org.springframework.transaction.annotation.ProxyTransactionManagementConfiguration'
2024-12-29T22:25:39.854-05:00 DEBUG 24872 --- [electronico-backend] [           main] o.s.b.f.s.DefaultListableBeanFactory     : Creating shared instance of singleton bean 'transactionAttributeSource'
2024-12-29T22:25:39.855-05:00 DEBUG 24872 --- [electronico-backend] [           main] o.s.b.f.s.DefaultListableBeanFactory     : Creating shared instance of singleton bean 'transactionInterceptor'
2024-12-29T22:25:39.855-05:00 DEBUG 24872 --- [electronico-backend] [           main] o.s.b.f.s.DefaultListableBeanFactory     : Autowiring by type from bean name 'transactionInterceptor' via factory method to bean named 'transactionAttributeSource'
2024-12-29T22:25:39.864-05:00 DEBUG 24872 --- [electronico-backend] [           main] o.s.b.f.s.DefaultListableBeanFactory     : Autowiring by type from bean name 'org.springframework.transaction.config.internalTransactionAdvisor' via factory method to bean named 'transactionAttributeSource'
2024-12-29T22:25:39.864-05:00 DEBUG 24872 --- [electronico-backend] [           main] o.s.b.f.s.DefaultListableBeanFactory     : Autowiring by type from bean name 'org.springframework.transaction.config.internalTransactionAdvisor' via factory method to bean named 'transactionInterceptor'
2024-12-29T22:25:39.867-05:00 DEBUG 24872 --- [electronico-backend] [           main] o.s.b.f.s.DefaultListableBeanFactory     : Creating shared instance of singleton bean 'electronicoBackendApplication'
2024-12-29T22:25:39.869-05:00 DEBUG 24872 --- [electronico-backend] [           main] o.s.b.f.s.DefaultListableBeanFactory     : Creating shared instance of singleton bean 'customerController'
2024-12-29T22:25:39.872-05:00 DEBUG 24872 --- [electronico-backend] [           main] o.s.b.f.s.DefaultListableBeanFactory     : Creating shared instance of singleton bean 'customerService'
2024-12-29T22:25:39.872-05:00 DEBUG 24872 --- [electronico-backend] [           main] o.s.b.f.s.DefaultListableBeanFactory     : Creating shared instance of singleton bean 'customerRepository'
2024-12-29T22:25:39.874-05:00 DEBUG 24872 --- [electronico-backend] [           main] o.s.b.f.s.DefaultListableBeanFactory     : Creating shared instance of singleton bean 'r2dbc.named-queries#1'
2024-12-29T22:25:39.878-05:00 DEBUG 24872 --- [electronico-backend] [           main] o.s.b.f.s.DefaultListableBeanFactory     : Creating shared instance of singleton bean 'r2dbc.CustomerRepository.fragments#0'
2024-12-29T22:25:39.881-05:00 DEBUG 24872 --- [electronico-backend] [           main] o.s.b.f.s.DefaultListableBeanFactory     : Creating shared instance of singleton bean 'r2dbcEntityTemplate'
2024-12-29T22:25:39.882-05:00 DEBUG 24872 --- [electronico-backend] [           main] o.s.b.f.s.DefaultListableBeanFactory     : Creating shared instance of singleton bean 'org.springframework.boot.autoconfigure.data.r2dbc.R2dbcDataAutoConfiguration'
2024-12-29T22:25:39.883-05:00 DEBUG 24872 --- [electronico-backend] [           main] o.s.b.f.s.DefaultListableBeanFactory     : Creating shared instance of singleton bean 'r2dbcDatabaseClient'
2024-12-29T22:25:39.883-05:00 DEBUG 24872 --- [electronico-backend] [           main] o.s.b.f.s.DefaultListableBeanFactory     : Creating shared instance of singleton bean 'org.springframework.boot.autoconfigure.r2dbc.ConnectionFactoryDependentConfiguration'
2024-12-29T22:25:39.883-05:00 DEBUG 24872 --- [electronico-backend] [           main] o.s.b.f.s.DefaultListableBeanFactory     : Creating shared instance of singleton bean 'connectionFactory'
2024-12-29T22:25:39.883-05:00 DEBUG 24872 --- [electronico-backend] [           main] o.s.b.f.s.DefaultListableBeanFactory     : Creating shared instance of singleton bean 'org.springframework.boot.autoconfigure.r2dbc.ConnectionFactoryConfigurations$PoolConfiguration$PooledConnectionFactoryConfiguration'
2024-12-29T22:25:39.884-05:00 DEBUG 24872 --- [electronico-backend] [           main] o.s.b.f.s.DefaultListableBeanFactory     : Creating shared instance of singleton bean 'spring.r2dbc-org.springframework.boot.autoconfigure.r2dbc.R2dbcProperties'
2024-12-29T22:25:39.885-05:00 DEBUG 24872 --- [electronico-backend] [           main] o.s.b.f.s.DefaultListableBeanFactory     : Creating shared instance of singleton bean 'org.springframework.boot.context.properties.BoundConfigurationProperties'
2024-12-29T22:25:39.893-05:00 DEBUG 24872 --- [electronico-backend] [           main] o.s.b.f.s.DefaultListableBeanFactory     : Autowiring by type from bean name 'connectionFactory' via factory method to bean named 'spring.r2dbc-org.springframework.boot.autoconfigure.r2dbc.R2dbcProperties'
2024-12-29T22:25:39.894-05:00 DEBUG 24872 --- [electronico-backend] [           main] o.s.b.f.s.DefaultListableBeanFactory     : Autowiring by type from bean name 'connectionFactory' via factory method to bean named 'org.springframework.boot.web.reactive.context.GenericReactiveWebApplicationContext@5b69fd74'
2024-12-29T22:25:39.894-05:00 DEBUG 24872 --- [electronico-backend] [           main] o.s.b.f.s.DefaultListableBeanFactory     : Creating shared instance of singleton bean 'propertiesR2dbcConnectionDetails'
2024-12-29T22:25:39.894-05:00 DEBUG 24872 --- [electronico-backend] [           main] o.s.b.f.s.DefaultListableBeanFactory     : Creating shared instance of singleton bean 'org.springframework.boot.autoconfigure.r2dbc.R2dbcAutoConfiguration'
2024-12-29T22:25:39.895-05:00 DEBUG 24872 --- [electronico-backend] [           main] o.s.b.f.s.DefaultListableBeanFactory     : Autowiring by type from bean name 'propertiesR2dbcConnectionDetails' via factory method to bean named 'spring.r2dbc-org.springframework.boot.autoconfigure.r2dbc.R2dbcProperties'
2024-12-29T22:25:39.940-05:00 DEBUG 24872 --- [electronico-backend] [           main] io.r2dbc.postgresql.Extensions           : Discovering Extensions using ServiceLoader
2024-12-29T22:25:39.941-05:00 DEBUG 24872 --- [electronico-backend] [           main] io.r2dbc.postgresql.Extensions           : Registering extension io.r2dbc.postgresql.codec.BuiltinDynamicCodecs
2024-12-29T22:25:40.072-05:00 DEBUG 24872 --- [electronico-backend] [           main] o.s.b.f.s.DefaultListableBeanFactory     : Autowiring by type from bean name 'r2dbcDatabaseClient' via factory method to bean named 'connectionFactory'
2024-12-29T22:25:40.087-05:00 DEBUG 24872 --- [electronico-backend] [           main] o.s.b.f.s.DefaultListableBeanFactory     : Autowiring by type from bean name 'org.springframework.boot.autoconfigure.data.r2dbc.R2dbcDataAutoConfiguration' via constructor to bean named 'r2dbcDatabaseClient'
2024-12-29T22:25:40.120-05:00 DEBUG 24872 --- [electronico-backend] [           main] o.s.b.f.s.DefaultListableBeanFactory     : Creating shared instance of singleton bean 'r2dbcConverter'
2024-12-29T22:25:40.121-05:00 DEBUG 24872 --- [electronico-backend] [           main] o.s.b.f.s.DefaultListableBeanFactory     : Creating shared instance of singleton bean 'r2dbcMappingContext'
2024-12-29T22:25:40.121-05:00 DEBUG 24872 --- [electronico-backend] [           main] o.s.b.f.s.DefaultListableBeanFactory     : Creating shared instance of singleton bean 'r2dbcCustomConversions'
2024-12-29T22:25:40.154-05:00 DEBUG 24872 --- [electronico-backend] [           main] o.s.data.convert.CustomConversions       : Adding converter from class io.r2dbc.postgresql.codec.Point to class org.springframework.data.geo.Point as reading converter
2024-12-29T22:25:40.154-05:00 DEBUG 24872 --- [electronico-backend] [           main] o.s.data.convert.CustomConversions       : Adding converter from class org.springframework.data.geo.Point to class io.r2dbc.postgresql.codec.Point as writing converter
2024-12-29T22:25:40.154-05:00 DEBUG 24872 --- [electronico-backend] [           main] o.s.data.convert.CustomConversions       : Adding converter from class io.r2dbc.postgresql.codec.Circle to class org.springframework.data.geo.Circle as reading converter
2024-12-29T22:25:40.154-05:00 DEBUG 24872 --- [electronico-backend] [           main] o.s.data.convert.CustomConversions       : Adding converter from class org.springframework.data.geo.Circle to class io.r2dbc.postgresql.codec.Circle as writing converter
2024-12-29T22:25:40.154-05:00 DEBUG 24872 --- [electronico-backend] [           main] o.s.data.convert.CustomConversions       : Adding converter from class io.r2dbc.postgresql.codec.Box to class org.springframework.data.geo.Box as reading converter
2024-12-29T22:25:40.155-05:00 DEBUG 24872 --- [electronico-backend] [           main] o.s.data.convert.CustomConversions       : Adding converter from class org.springframework.data.geo.Box to class io.r2dbc.postgresql.codec.Box as writing converter
2024-12-29T22:25:40.155-05:00 DEBUG 24872 --- [electronico-backend] [           main] o.s.data.convert.CustomConversions       : Adding converter from class io.r2dbc.postgresql.codec.Polygon to class org.springframework.data.geo.Polygon as reading converter
2024-12-29T22:25:40.155-05:00 DEBUG 24872 --- [electronico-backend] [           main] o.s.data.convert.CustomConversions       : Adding converter from class org.springframework.data.geo.Polygon to class io.r2dbc.postgresql.codec.Polygon as writing converter
2024-12-29T22:25:40.155-05:00 DEBUG 24872 --- [electronico-backend] [           main] o.s.data.convert.CustomConversions       : Adding converter from class io.r2dbc.postgresql.codec.Json to class [B as reading converter
2024-12-29T22:25:40.155-05:00 DEBUG 24872 --- [electronico-backend] [           main] o.s.data.convert.CustomConversions       : Adding converter from class io.r2dbc.postgresql.codec.Json to class java.lang.String as reading converter
2024-12-29T22:25:40.155-05:00 DEBUG 24872 --- [electronico-backend] [           main] o.s.data.convert.CustomConversions       : Adding converter from interface io.r2dbc.spi.Row to class java.lang.Boolean as reading converter
2024-12-29T22:25:40.155-05:00 DEBUG 24872 --- [electronico-backend] [           main] o.s.data.convert.CustomConversions       : Adding converter from interface io.r2dbc.spi.Row to class java.lang.Number as reading converter
2024-12-29T22:25:40.155-05:00 DEBUG 24872 --- [electronico-backend] [           main] o.s.data.convert.CustomConversions       : Adding converter from interface io.r2dbc.spi.Row to class java.time.LocalDate as reading converter
2024-12-29T22:25:40.155-05:00 DEBUG 24872 --- [electronico-backend] [           main] o.s.data.convert.CustomConversions       : Adding converter from interface io.r2dbc.spi.Row to class java.time.LocalDateTime as reading converter
2024-12-29T22:25:40.155-05:00 DEBUG 24872 --- [electronico-backend] [           main] o.s.data.convert.CustomConversions       : Adding converter from interface io.r2dbc.spi.Row to class java.time.LocalTime as reading converter
2024-12-29T22:25:40.155-05:00 DEBUG 24872 --- [electronico-backend] [           main] o.s.data.convert.CustomConversions       : Adding converter from interface io.r2dbc.spi.Row to class java.time.OffsetDateTime as reading converter
2024-12-29T22:25:40.155-05:00 DEBUG 24872 --- [electronico-backend] [           main] o.s.data.convert.CustomConversions       : Adding converter from interface io.r2dbc.spi.Row to class java.lang.String as reading converter
2024-12-29T22:25:40.155-05:00 DEBUG 24872 --- [electronico-backend] [           main] o.s.data.convert.CustomConversions       : Adding converter from interface io.r2dbc.spi.Row to class java.util.UUID as reading converter
2024-12-29T22:25:40.155-05:00 DEBUG 24872 --- [electronico-backend] [           main] o.s.data.convert.CustomConversions       : Adding converter from interface io.r2dbc.spi.Row to class java.time.ZonedDateTime as reading converter
2024-12-29T22:25:40.155-05:00 DEBUG 24872 --- [electronico-backend] [           main] o.s.data.convert.CustomConversions       : Adding converter from class java.util.Date to class java.time.LocalDateTime as reading converter
2024-12-29T22:25:40.155-05:00 DEBUG 24872 --- [electronico-backend] [           main] o.s.data.convert.CustomConversions       : Adding converter from class java.time.LocalDateTime to class java.util.Date as writing converter
2024-12-29T22:25:40.155-05:00 DEBUG 24872 --- [electronico-backend] [           main] o.s.data.convert.CustomConversions       : Adding converter from class java.util.Date to class java.time.LocalDate as reading converter
2024-12-29T22:25:40.155-05:00 DEBUG 24872 --- [electronico-backend] [           main] o.s.data.convert.CustomConversions       : Adding converter from class java.time.LocalDate to class java.util.Date as writing converter
2024-12-29T22:25:40.155-05:00 DEBUG 24872 --- [electronico-backend] [           main] o.s.data.convert.CustomConversions       : Adding converter from class java.util.Date to class java.time.LocalTime as reading converter
2024-12-29T22:25:40.155-05:00 DEBUG 24872 --- [electronico-backend] [           main] o.s.data.convert.CustomConversions       : Adding converter from class java.time.LocalTime to class java.util.Date as writing converter
2024-12-29T22:25:40.155-05:00 DEBUG 24872 --- [electronico-backend] [           main] o.s.data.convert.CustomConversions       : Adding converter from class java.util.Date to class java.time.Instant as reading converter
2024-12-29T22:25:40.156-05:00 DEBUG 24872 --- [electronico-backend] [           main] o.s.data.convert.CustomConversions       : Adding converter from class java.time.Instant to class java.util.Date as writing converter
2024-12-29T22:25:40.156-05:00 DEBUG 24872 --- [electronico-backend] [           main] o.s.data.convert.CustomConversions       : Adding converter from class java.time.LocalDateTime to class java.time.Instant as reading converter
2024-12-29T22:25:40.156-05:00 DEBUG 24872 --- [electronico-backend] [           main] o.s.data.convert.CustomConversions       : Adding converter from class java.time.Instant to class java.time.LocalDateTime as reading converter
2024-12-29T22:25:40.156-05:00 DEBUG 24872 --- [electronico-backend] [           main] o.s.data.convert.CustomConversions       : Adding converter from class java.time.ZoneId to class java.lang.String as writing converter
2024-12-29T22:25:40.156-05:00 DEBUG 24872 --- [electronico-backend] [           main] o.s.data.convert.CustomConversions       : Adding converter from class java.lang.String to class java.time.ZoneId as reading converter
2024-12-29T22:25:40.156-05:00 DEBUG 24872 --- [electronico-backend] [           main] o.s.data.convert.CustomConversions       : Adding converter from class java.time.Duration to class java.lang.String as writing converter
2024-12-29T22:25:40.156-05:00 DEBUG 24872 --- [electronico-backend] [           main] o.s.data.convert.CustomConversions       : Adding converter from class java.lang.String to class java.time.Duration as reading converter
2024-12-29T22:25:40.156-05:00 DEBUG 24872 --- [electronico-backend] [           main] o.s.data.convert.CustomConversions       : Adding converter from class java.time.Period to class java.lang.String as writing converter
2024-12-29T22:25:40.156-05:00 DEBUG 24872 --- [electronico-backend] [           main] o.s.data.convert.CustomConversions       : Adding converter from class java.lang.String to class java.time.Period as reading converter
2024-12-29T22:25:40.156-05:00 DEBUG 24872 --- [electronico-backend] [           main] o.s.data.convert.CustomConversions       : Adding converter from class java.lang.String to class java.time.LocalDate as reading converter
2024-12-29T22:25:40.156-05:00 DEBUG 24872 --- [electronico-backend] [           main] o.s.data.convert.CustomConversions       : Adding converter from class java.lang.String to class java.time.LocalDateTime as reading converter
2024-12-29T22:25:40.156-05:00 DEBUG 24872 --- [electronico-backend] [           main] o.s.data.convert.CustomConversions       : Adding converter from class java.lang.String to class java.time.Instant as reading converter
2024-12-29T22:25:40.159-05:00 DEBUG 24872 --- [electronico-backend] [           main] o.s.b.f.s.DefaultListableBeanFactory     : Creating shared instance of singleton bean 'r2dbcManagedTypes'
2024-12-29T22:25:40.159-05:00 DEBUG 24872 --- [electronico-backend] [           main] o.s.b.f.s.DefaultListableBeanFactory     : Autowiring by type from bean name 'r2dbcManagedTypes' via factory method to bean named 'org.springframework.boot.web.reactive.context.GenericReactiveWebApplicationContext@5b69fd74'
2024-12-29T22:25:40.164-05:00 DEBUG 24872 --- [electronico-backend] [           main] ssPathScanningCandidateComponentProvider : Identified candidate component class: file [C:\Users\ASUS\Desktop\ProJava\sistemaElectronico\electronico-backend\target\classes\com\sistema\electronico_backend\entity\Customer.class]
2024-12-29T22:25:40.164-05:00 DEBUG 24872 --- [electronico-backend] [           main] ssPathScanningCandidateComponentProvider : Identified candidate component class: file [C:\Users\ASUS\Desktop\ProJava\sistemaElectronico\electronico-backend\target\classes\com\sistema\electronico_backend\entity\Product.class]
2024-12-29T22:25:40.165-05:00 DEBUG 24872 --- [electronico-backend] [           main] o.s.b.f.s.DefaultListableBeanFactory     : Autowiring by type from bean name 'r2dbcMappingContext' via factory method to bean named 'r2dbcCustomConversions'
2024-12-29T22:25:40.166-05:00 DEBUG 24872 --- [electronico-backend] [           main] o.s.b.f.s.DefaultListableBeanFactory     : Autowiring by type from bean name 'r2dbcMappingContext' via factory method to bean named 'r2dbcManagedTypes'
2024-12-29T22:25:40.237-05:00 DEBUG 24872 --- [electronico-backend] [           main] o.s.b.f.s.DefaultListableBeanFactory     : Autowiring by type from bean name 'r2dbcConverter' via factory method to bean named 'r2dbcMappingContext'
2024-12-29T22:25:40.238-05:00 DEBUG 24872 --- [electronico-backend] [           main] o.s.b.f.s.DefaultListableBeanFactory     : Autowiring by type from bean name 'r2dbcConverter' via factory method to bean named 'r2dbcCustomConversions'
2024-12-29T22:25:40.258-05:00 DEBUG 24872 --- [electronico-backend] [           main] o.s.b.f.s.DefaultListableBeanFactory     : Autowiring by type from bean name 'r2dbcEntityTemplate' via factory method to bean named 'r2dbcConverter'
2024-12-29T22:25:40.304-05:00 DEBUG 24872 --- [electronico-backend] [           main] o.s.d.r.c.s.RepositoryFactorySupport     : Initializing repository instance for com.sistema.electronico_backend.repository.postgres.CustomerRepository…
2024-12-29T22:25:40.361-05:00 DEBUG 24872 --- [electronico-backend] [           main] o.s.d.r.c.s.RepositoryFactorySupport     : Finished creation of repository instance for com.sistema.electronico_backend.repository.postgres.CustomerRepository.
2024-12-29T22:25:40.365-05:00 DEBUG 24872 --- [electronico-backend] [           main] o.s.b.f.s.DefaultListableBeanFactory     : Autowiring by type from bean name 'customerService' via constructor to bean named 'customerRepository'
2024-12-29T22:25:40.365-05:00 DEBUG 24872 --- [electronico-backend] [           main] o.s.b.f.s.DefaultListableBeanFactory     : Autowiring by type from bean name 'customerController' via constructor to bean named 'customerService'
2024-12-29T22:25:40.366-05:00 DEBUG 24872 --- [electronico-backend] [           main] o.s.b.f.s.DefaultListableBeanFactory     : Creating shared instance of singleton bean 'orderController'
2024-12-29T22:25:40.368-05:00 DEBUG 24872 --- [electronico-backend] [           main] o.s.b.f.s.DefaultListableBeanFactory     : Creating shared instance of singleton bean 'orderService'
2024-12-29T22:25:40.369-05:00 DEBUG 24872 --- [electronico-backend] [           main] o.s.b.f.s.DefaultListableBeanFactory     : Creating shared instance of singleton bean 'orderRepository'
2024-12-29T22:25:40.370-05:00 DEBUG 24872 --- [electronico-backend] [           main] o.s.b.f.s.DefaultListableBeanFactory     : Creating shared instance of singleton bean 'mongo.named-queries#0'
2024-12-29T22:25:40.372-05:00 DEBUG 24872 --- [electronico-backend] [           main] o.s.b.f.s.DefaultListableBeanFactory     : Creating shared instance of singleton bean 'reactive mongodb.OrderRepository.fragments#0'
2024-12-29T22:25:40.372-05:00 DEBUG 24872 --- [electronico-backend] [           main] o.s.b.f.s.DefaultListableBeanFactory     : Creating shared instance of singleton bean 'reactiveMongoTemplate'
2024-12-29T22:25:40.372-05:00 DEBUG 24872 --- [electronico-backend] [           main] o.s.b.f.s.DefaultListableBeanFactory     : Creating shared instance of singleton bean 'org.springframework.boot.autoconfigure.data.mongo.MongoReactiveDataAutoConfiguration'
2024-12-29T22:25:40.373-05:00 DEBUG 24872 --- [electronico-backend] [           main] o.s.b.f.s.DefaultListableBeanFactory     : Creating shared instance of singleton bean 'mongoConnectionDetails'
2024-12-29T22:25:40.373-05:00 DEBUG 24872 --- [electronico-backend] [           main] o.s.b.f.s.DefaultListableBeanFactory     : Creating shared instance of singleton bean 'org.springframework.boot.autoconfigure.mongo.MongoAutoConfiguration'
2024-12-29T22:25:40.374-05:00 DEBUG 24872 --- [electronico-backend] [           main] o.s.b.f.s.DefaultListableBeanFactory     : Creating shared instance of singleton bean 'spring.data.mongodb-org.springframework.boot.autoconfigure.mongo.MongoProperties'
2024-12-29T22:25:40.377-05:00 DEBUG 24872 --- [electronico-backend] [           main] o.s.b.f.s.DefaultListableBeanFactory     : Autowiring by type from bean name 'mongoConnectionDetails' via factory method to bean named 'spring.data.mongodb-org.springframework.boot.autoconfigure.mongo.MongoProperties'
2024-12-29T22:25:40.380-05:00 DEBUG 24872 --- [electronico-backend] [           main] o.s.b.f.s.DefaultListableBeanFactory     : Autowiring by type from bean name 'org.springframework.boot.autoconfigure.data.mongo.MongoReactiveDataAutoConfiguration' via constructor to bean named 'mongoConnectionDetails'
2024-12-29T22:25:40.381-05:00 DEBUG 24872 --- [electronico-backend] [           main] o.s.b.f.s.DefaultListableBeanFactory     : Creating shared instance of singleton bean 'reactiveMongoDatabaseFactory'
2024-12-29T22:25:40.381-05:00 DEBUG 24872 --- [electronico-backend] [           main] o.s.b.f.s.DefaultListableBeanFactory     : Creating shared instance of singleton bean 'reactiveStreamsMongoClient'
2024-12-29T22:25:40.382-05:00 DEBUG 24872 --- [electronico-backend] [           main] o.s.b.f.s.DefaultListableBeanFactory     : Creating shared instance of singleton bean 'org.springframework.boot.autoconfigure.mongo.MongoReactiveAutoConfiguration'
2024-12-29T22:25:40.382-05:00 DEBUG 24872 --- [electronico-backend] [           main] o.s.b.f.s.DefaultListableBeanFactory     : Creating shared instance of singleton bean 'mongoClientSettings'
2024-12-29T22:25:40.382-05:00 DEBUG 24872 --- [electronico-backend] [           main] o.s.b.f.s.DefaultListableBeanFactory     : Creating shared instance of singleton bean 'org.springframework.boot.autoconfigure.mongo.MongoAutoConfiguration$MongoClientSettingsConfiguration'
2024-12-29T22:25:40.435-05:00 DEBUG 24872 --- [electronico-backend] [           main] o.s.b.f.s.DefaultListableBeanFactory     : Autowiring by type from bean name 'reactiveStreamsMongoClient' via factory method to bean named 'mongoClientSettings'
2024-12-29T22:25:40.437-05:00 DEBUG 24872 --- [electronico-backend] [           main] o.s.b.f.s.DefaultListableBeanFactory     : Creating shared instance of singleton bean 'standardMongoSettingsCustomizer'
2024-12-29T22:25:40.438-05:00 DEBUG 24872 --- [electronico-backend] [           main] o.s.b.f.s.DefaultListableBeanFactory     : Autowiring by type from bean name 'standardMongoSettingsCustomizer' via factory method to bean named 'spring.data.mongodb-org.springframework.boot.autoconfigure.mongo.MongoProperties'
2024-12-29T22:25:40.438-05:00 DEBUG 24872 --- [electronico-backend] [           main] o.s.b.f.s.DefaultListableBeanFactory     : Autowiring by type from bean name 'standardMongoSettingsCustomizer' via factory method to bean named 'mongoConnectionDetails'
2024-12-29T22:25:40.441-05:00 DEBUG 24872 --- [electronico-backend] [           main] o.s.b.f.s.DefaultListableBeanFactory     : Creating shared instance of singleton bean 'sslBundleRegistry'
2024-12-29T22:25:40.441-05:00 DEBUG 24872 --- [electronico-backend] [           main] o.s.b.f.s.DefaultListableBeanFactory     : Creating shared instance of singleton bean 'org.springframework.boot.autoconfigure.ssl.SslAutoConfiguration'
2024-12-29T22:25:40.442-05:00 DEBUG 24872 --- [electronico-backend] [           main] o.s.b.f.s.DefaultListableBeanFactory     : Creating shared instance of singleton bean 'spring.ssl-org.springframework.boot.autoconfigure.ssl.SslProperties'
2024-12-29T22:25:40.444-05:00 DEBUG 24872 --- [electronico-backend] [           main] o.s.b.f.s.DefaultListableBeanFactory     : Autowiring by type from bean name 'org.springframework.boot.autoconfigure.ssl.SslAutoConfiguration' via constructor to bean named 'org.springframework.boot.web.reactive.context.GenericReactiveWebApplicationContext@5b69fd74'
2024-12-29T22:25:40.444-05:00 DEBUG 24872 --- [electronico-backend] [           main] o.s.b.f.s.DefaultListableBeanFactory     : Autowiring by type from bean name 'org.springframework.boot.autoconfigure.ssl.SslAutoConfiguration' via constructor to bean named 'spring.ssl-org.springframework.boot.autoconfigure.ssl.SslProperties'
2024-12-29T22:25:40.446-05:00 DEBUG 24872 --- [electronico-backend] [           main] o.s.b.f.s.DefaultListableBeanFactory     : Creating shared instance of singleton bean 'sslPropertiesSslBundleRegistrar'
2024-12-29T22:25:40.447-05:00 DEBUG 24872 --- [electronico-backend] [           main] o.s.b.f.s.DefaultListableBeanFactory     : Creating shared instance of singleton bean 'fileWatcher'
2024-12-29T22:25:40.448-05:00 DEBUG 24872 --- [electronico-backend] [           main] o.s.b.f.s.DefaultListableBeanFactory     : Autowiring by type from bean name 'sslPropertiesSslBundleRegistrar' via factory method to bean named 'fileWatcher'
2024-12-29T22:25:40.456-05:00 DEBUG 24872 --- [electronico-backend] [           main] o.s.b.f.s.DefaultListableBeanFactory     : Creating shared instance of singleton bean 'nettyDriverCustomizer'
2024-12-29T22:25:40.456-05:00 DEBUG 24872 --- [electronico-backend] [           main] o.s.b.f.s.DefaultListableBeanFactory     : Creating shared instance of singleton bean 'org.springframework.boot.autoconfigure.mongo.MongoReactiveAutoConfiguration$NettyDriverConfiguration'
2024-12-29T22:25:40.718-05:00  INFO 24872 --- [electronico-backend] [           main] org.mongodb.driver.client                : MongoClient with metadata {"driver": {"name": "mongo-java-driver|reactive-streams|spring-boot", "version": "5.2.1"}, "os": {"type": "Windows", "name": "Windows 11", "architecture": "amd64", "version": "10.0"}, "platform": "Java/Oracle Corporation/17.0.11+7-LTS-207"} created with settings MongoClientSettings{readPreference=primary, writeConcern=WriteConcern{w=null, wTimeout=null ms, journal=null}, retryWrites=true, retryReads=true, readConcern=ReadConcern{level=null}, credential=null, transportSettings=NettyTransportSettings{eventLoopGroup=io.netty.channel.nio.NioEventLoopGroup@58882a93, socketChannelClass=null, allocator=null, sslContext=null}, commandListeners=[], codecRegistry=ProvidersCodecRegistry{codecProviders=[ValueCodecProvider{}, BsonValueCodecProvider{}, DBRefCodecProvider{}, DBObjectCodecProvider{}, DocumentCodecProvider{}, CollectionCodecProvider{}, IterableCodecProvider{}, MapCodecProvider{}, GeoJsonCodecProvider{}, GridFSFileCodecProvider{}, Jsr310CodecProvider{}, JsonObjectCodecProvider{}, BsonCodecProvider{}, EnumCodecProvider{}, com.mongodb.client.model.mql.ExpressionCodecProvider@15e08615, com.mongodb.Jep395RecordCodecProvider@19dac2d6, com.mongodb.KotlinCodecProvider@7e2bc2f4]}, loggerSettings=LoggerSettings{maxDocumentLength=1000}, clusterSettings={hosts=[localhost:27017], srvServiceName=mongodb, mode=SINGLE, requiredClusterType=UNKNOWN, requiredReplicaSetName='null', serverSelector='null', clusterListeners='[]', serverSelectionTimeout='30000 ms', localThreshold='15 ms'}, socketSettings=SocketSettings{connectTimeoutMS=10000, readTimeoutMS=0, receiveBufferSize=0, proxySettings=ProxySettings{host=null, port=null, username=null, password=null}}, heartbeatSocketSettings=SocketSettings{connectTimeoutMS=10000, readTimeoutMS=10000, receiveBufferSize=0, proxySettings=ProxySettings{host=null, port=null, username=null, password=null}}, connectionPoolSettings=ConnectionPoolSettings{maxSize=100, minSize=0, maxWaitTimeMS=120000, maxConnectionLifeTimeMS=0, maxConnectionIdleTimeMS=0, maintenanceInitialDelayMS=0, maintenanceFrequencyMS=60000, connectionPoolListeners=[], maxConnecting=2}, serverSettings=ServerSettings{heartbeatFrequencyMS=10000, minHeartbeatFrequencyMS=500, serverMonitoringMode=AUTO, serverListeners='[]', serverMonitorListeners='[]'}, sslSettings=SslSettings{enabled=false, invalidHostNameAllowed=false, context=null}, applicationName='null', compressorList=[], uuidRepresentation=JAVA_LEGACY, serverApi=null, autoEncryptionSettings=null, dnsClient=null, inetAddressResolver=null, contextProvider=null, timeoutMS=null}
2024-12-29T22:25:40.722-05:00 DEBUG 24872 --- [electronico-backend] [           main] o.s.b.f.s.DefaultListableBeanFactory     : Autowiring by type from bean name 'reactiveMongoDatabaseFactory' via factory method to bean named 'reactiveStreamsMongoClient'
2024-12-29T22:25:40.723-05:00 DEBUG 24872 --- [electronico-backend] [           main] o.s.b.f.s.DefaultListableBeanFactory     : Autowiring by type from bean name 'reactiveMongoDatabaseFactory' via factory method to bean named 'spring.data.mongodb-org.springframework.boot.autoconfigure.mongo.MongoProperties'
2024-12-29T22:25:40.726-05:00 DEBUG 24872 --- [electronico-backend] [           main] o.s.b.f.s.DefaultListableBeanFactory     : Creating shared instance of singleton bean 'mappingMongoConverter'
2024-12-29T22:25:40.726-05:00 DEBUG 24872 --- [electronico-backend] [           main] o.s.b.f.s.DefaultListableBeanFactory     : Creating shared instance of singleton bean 'org.springframework.boot.autoconfigure.data.mongo.MongoDataConfiguration'
2024-12-29T22:25:40.728-05:00 DEBUG 24872 --- [electronico-backend] [           main] o.s.b.f.s.DefaultListableBeanFactory     : Creating shared instance of singleton bean 'mongoMappingContext'
2024-12-29T22:25:40.728-05:00 DEBUG 24872 --- [electronico-backend] [           main] o.s.b.f.s.DefaultListableBeanFactory     : Creating shared instance of singleton bean 'mongoCustomConversions'
2024-12-29T22:25:40.779-05:00 DEBUG 24872 --- [electronico-backend] [           main] o.s.data.convert.CustomConversions       : Adding converter from class java.lang.Character to class java.lang.String as writing converter
2024-12-29T22:25:40.779-05:00 DEBUG 24872 --- [electronico-backend] [           main] o.s.data.convert.CustomConversions       : Adding converter from class java.util.Locale to class java.lang.String as writing converter
2024-12-29T22:25:40.779-05:00 DEBUG 24872 --- [electronico-backend] [           main] o.s.data.convert.CustomConversions       : Adding converter from class java.math.BigDecimal to class java.lang.String as writing converter
2024-12-29T22:25:40.779-05:00 DEBUG 24872 --- [electronico-backend] [           main] o.s.data.convert.CustomConversions       : Adding converter from class java.math.BigDecimal to class org.bson.types.Decimal128 as writing converter
2024-12-29T22:25:40.779-05:00 DEBUG 24872 --- [electronico-backend] [           main] o.s.data.convert.CustomConversions       : Adding converter from class java.lang.String to class java.math.BigDecimal as reading converter
2024-12-29T22:25:40.779-05:00 DEBUG 24872 --- [electronico-backend] [           main] o.s.data.convert.CustomConversions       : Adding converter from class org.bson.types.Decimal128 to class java.math.BigDecimal as reading converter
2024-12-29T22:25:40.779-05:00 DEBUG 24872 --- [electronico-backend] [           main] o.s.data.convert.CustomConversions       : Adding converter from class java.math.BigInteger to class java.lang.String as writing converter
2024-12-29T22:25:40.779-05:00 DEBUG 24872 --- [electronico-backend] [           main] o.s.data.convert.CustomConversions       : Adding converter from class java.lang.String to class java.math.BigInteger as reading converter
2024-12-29T22:25:40.779-05:00 DEBUG 24872 --- [electronico-backend] [           main] o.s.data.convert.CustomConversions       : Adding converter from class java.net.URL to class java.lang.String as writing converter
2024-12-29T22:25:40.779-05:00 DEBUG 24872 --- [electronico-backend] [           main] o.s.data.convert.CustomConversions       : Adding converter from class java.lang.String to class java.net.URL as reading converter
2024-12-29T22:25:40.780-05:00 DEBUG 24872 --- [electronico-backend] [           main] o.s.data.convert.CustomConversions       : Adding converter from class org.bson.Document to class java.lang.String as reading converter
2024-12-29T22:25:40.780-05:00 DEBUG 24872 --- [electronico-backend] [           main] o.s.data.convert.CustomConversions       : Adding converter from class org.springframework.data.mongodb.core.query.Term to class java.lang.String as writing converter
2024-12-29T22:25:40.780-05:00 DEBUG 24872 --- [electronico-backend] [           main] o.s.data.convert.CustomConversions       : Adding converter from class org.springframework.data.mongodb.core.script.NamedMongoScript to class org.bson.Document as writing converter
2024-12-29T22:25:40.780-05:00 DEBUG 24872 --- [electronico-backend] [           main] o.s.data.convert.CustomConversions       : Adding converter from class org.bson.Document to class org.springframework.data.mongodb.core.script.NamedMongoScript as reading converter
2024-12-29T22:25:40.780-05:00 DEBUG 24872 --- [electronico-backend] [           main] o.s.data.convert.CustomConversions       : Adding converter from class java.util.Currency to class java.lang.String as writing converter
2024-12-29T22:25:40.780-05:00 DEBUG 24872 --- [electronico-backend] [           main] o.s.data.convert.CustomConversions       : Adding converter from class java.lang.String to class java.util.Currency as reading converter
2024-12-29T22:25:40.780-05:00 DEBUG 24872 --- [electronico-backend] [           main] o.s.data.convert.CustomConversions       : Adding converter from class java.util.concurrent.atomic.AtomicInteger to class java.lang.Integer as writing converter
2024-12-29T22:25:40.780-05:00 DEBUG 24872 --- [electronico-backend] [           main] o.s.data.convert.CustomConversions       : Adding converter from class java.util.concurrent.atomic.AtomicLong to class java.lang.Long as writing converter
2024-12-29T22:25:40.780-05:00 DEBUG 24872 --- [electronico-backend] [           main] o.s.data.convert.CustomConversions       : Adding converter from class java.lang.Long to class java.util.concurrent.atomic.AtomicLong as reading converter
2024-12-29T22:25:40.780-05:00 DEBUG 24872 --- [electronico-backend] [           main] o.s.data.convert.CustomConversions       : Adding converter from class java.lang.Integer to class java.util.concurrent.atomic.AtomicInteger as reading converter
2024-12-29T22:25:40.780-05:00 DEBUG 24872 --- [electronico-backend] [           main] o.s.data.convert.CustomConversions       : Adding converter from class org.bson.types.Binary to class [B as reading converter
2024-12-29T22:25:40.780-05:00 DEBUG 24872 --- [electronico-backend] [           main] o.s.data.convert.CustomConversions       : Adding converter from class org.bson.BsonTimestamp to class java.time.Instant as reading converter
2024-12-29T22:25:40.780-05:00 DEBUG 24872 --- [electronico-backend] [           main] o.s.data.convert.CustomConversions       : Adding converter from class org.bson.BsonUndefined to class java.lang.Object as reading converter
2024-12-29T22:25:40.780-05:00 DEBUG 24872 --- [electronico-backend] [           main] o.s.data.convert.CustomConversions       : Adding converter from class java.net.URI to class java.lang.String as writing converter
2024-12-29T22:25:40.780-05:00 DEBUG 24872 --- [electronico-backend] [           main] o.s.data.convert.CustomConversions       : Adding converter from class java.lang.String to class java.net.URI as reading converter
2024-12-29T22:25:40.780-05:00 DEBUG 24872 --- [electronico-backend] [           main] o.s.data.convert.CustomConversions       : Adding converter from class org.springframework.data.geo.Box to class org.bson.Document as writing converter
2024-12-29T22:25:40.780-05:00 DEBUG 24872 --- [electronico-backend] [           main] o.s.data.convert.CustomConversions       : Adding converter from class org.springframework.data.geo.Polygon to class org.bson.Document as writing converter
2024-12-29T22:25:40.780-05:00 DEBUG 24872 --- [electronico-backend] [           main] o.s.data.convert.CustomConversions       : Adding converter from class org.springframework.data.geo.Circle to class org.bson.Document as writing converter
2024-12-29T22:25:40.780-05:00 DEBUG 24872 --- [electronico-backend] [           main] o.s.data.convert.CustomConversions       : Adding converter from class org.springframework.data.mongodb.core.geo.Sphere to class org.bson.Document as writing converter
2024-12-29T22:25:40.780-05:00 DEBUG 24872 --- [electronico-backend] [           main] o.s.data.convert.CustomConversions       : Adding converter from class org.bson.Document to class org.springframework.data.geo.Box as reading converter
2024-12-29T22:25:40.780-05:00 DEBUG 24872 --- [electronico-backend] [           main] o.s.data.convert.CustomConversions       : Adding converter from class org.bson.Document to class org.springframework.data.geo.Polygon as reading converter
2024-12-29T22:25:40.780-05:00 DEBUG 24872 --- [electronico-backend] [           main] o.s.data.convert.CustomConversions       : Adding converter from class org.bson.Document to class org.springframework.data.geo.Circle as reading converter
2024-12-29T22:25:40.781-05:00 DEBUG 24872 --- [electronico-backend] [           main] o.s.data.convert.CustomConversions       : Adding converter from class org.bson.Document to class org.springframework.data.mongodb.core.geo.Sphere as reading converter
2024-12-29T22:25:40.781-05:00 DEBUG 24872 --- [electronico-backend] [           main] o.s.data.convert.CustomConversions       : Adding converter from class org.bson.Document to class org.springframework.data.geo.Point as reading converter
2024-12-29T22:25:40.781-05:00 DEBUG 24872 --- [electronico-backend] [           main] o.s.data.convert.CustomConversions       : Adding converter from class org.springframework.data.geo.Point to class org.bson.Document as writing converter
2024-12-29T22:25:40.781-05:00 DEBUG 24872 --- [electronico-backend] [           main] o.s.data.convert.CustomConversions       : Adding converter from class org.springframework.data.mongodb.core.query.GeoCommand to class org.bson.Document as writing converter
2024-12-29T22:25:40.781-05:00 DEBUG 24872 --- [electronico-backend] [           main] o.s.data.convert.CustomConversions       : Adding converter from interface org.springframework.data.mongodb.core.geo.GeoJson to class org.bson.Document as writing converter
2024-12-29T22:25:40.781-05:00 DEBUG 24872 --- [electronico-backend] [           main] o.s.data.convert.CustomConversions       : Adding converter from class org.springframework.data.mongodb.core.geo.GeoJsonPoint to class org.bson.Document as writing converter
2024-12-29T22:25:40.781-05:00 DEBUG 24872 --- [electronico-backend] [           main] o.s.data.convert.CustomConversions       : Adding converter from class org.springframework.data.mongodb.core.geo.GeoJsonPolygon to class org.bson.Document as writing converter
2024-12-29T22:25:40.781-05:00 DEBUG 24872 --- [electronico-backend] [           main] o.s.data.convert.CustomConversions       : Adding converter from class org.bson.Document to class org.springframework.data.mongodb.core.geo.GeoJsonPoint as reading converter
2024-12-29T22:25:40.781-05:00 DEBUG 24872 --- [electronico-backend] [           main] o.s.data.convert.CustomConversions       : Adding converter from class org.bson.Document to class org.springframework.data.mongodb.core.geo.GeoJsonPolygon as reading converter
2024-12-29T22:25:40.781-05:00 DEBUG 24872 --- [electronico-backend] [           main] o.s.data.convert.CustomConversions       : Adding converter from class org.bson.Document to class org.springframework.data.mongodb.core.geo.GeoJsonLineString as reading converter
2024-12-29T22:25:40.781-05:00 DEBUG 24872 --- [electronico-backend] [           main] o.s.data.convert.CustomConversions       : Adding converter from class org.bson.Document to class org.springframework.data.mongodb.core.geo.GeoJsonMultiLineString as reading converter
2024-12-29T22:25:40.781-05:00 DEBUG 24872 --- [electronico-backend] [           main] o.s.data.convert.CustomConversions       : Adding converter from class org.bson.Document to class org.springframework.data.mongodb.core.geo.GeoJsonMultiPoint as reading converter
2024-12-29T22:25:40.781-05:00 DEBUG 24872 --- [electronico-backend] [           main] o.s.data.convert.CustomConversions       : Adding converter from class org.bson.Document to class org.springframework.data.mongodb.core.geo.GeoJsonMultiPolygon as reading converter
2024-12-29T22:25:40.781-05:00 DEBUG 24872 --- [electronico-backend] [           main] o.s.data.convert.CustomConversions       : Adding converter from class org.bson.Document to class org.springframework.data.mongodb.core.geo.GeoJsonGeometryCollection as reading converter
2024-12-29T22:25:40.781-05:00 DEBUG 24872 --- [electronico-backend] [           main] o.s.data.convert.CustomConversions       : Adding converter from class org.bson.Document to interface org.springframework.data.mongodb.core.geo.GeoJson as reading converter
2024-12-29T22:25:40.781-05:00 DEBUG 24872 --- [electronico-backend] [           main] o.s.data.convert.CustomConversions       : Adding converter from class java.util.Date to class java.time.LocalDateTime as reading converter
2024-12-29T22:25:40.781-05:00 DEBUG 24872 --- [electronico-backend] [           main] o.s.data.convert.CustomConversions       : Adding converter from class java.time.LocalDateTime to class java.util.Date as writing converter
2024-12-29T22:25:40.781-05:00 DEBUG 24872 --- [electronico-backend] [           main] o.s.data.convert.CustomConversions       : Adding converter from class java.util.Date to class java.time.LocalDate as reading converter
2024-12-29T22:25:40.781-05:00 DEBUG 24872 --- [electronico-backend] [           main] o.s.data.convert.CustomConversions       : Adding converter from class java.time.LocalDate to class java.util.Date as writing converter
2024-12-29T22:25:40.781-05:00 DEBUG 24872 --- [electronico-backend] [           main] o.s.data.convert.CustomConversions       : Adding converter from class java.util.Date to class java.time.LocalTime as reading converter
2024-12-29T22:25:40.781-05:00 DEBUG 24872 --- [electronico-backend] [           main] o.s.data.convert.CustomConversions       : Adding converter from class java.time.LocalTime to class java.util.Date as writing converter
2024-12-29T22:25:40.781-05:00 DEBUG 24872 --- [electronico-backend] [           main] o.s.data.convert.CustomConversions       : Adding converter from class java.util.Date to class java.time.Instant as reading converter
2024-12-29T22:25:40.781-05:00 DEBUG 24872 --- [electronico-backend] [           main] o.s.data.convert.CustomConversions       : Adding converter from class java.time.Instant to class java.util.Date as writing converter
2024-12-29T22:25:40.783-05:00 DEBUG 24872 --- [electronico-backend] [           main] o.s.data.convert.CustomConversions       : Skipping converter from class java.time.LocalDateTime to class java.time.Instant as reading converter class java.time.LocalDateTime is not a store supported simple type
2024-12-29T22:25:40.783-05:00 DEBUG 24872 --- [electronico-backend] [           main] o.s.data.convert.CustomConversions       : Skipping converter from class java.time.Instant to class java.time.LocalDateTime as reading converter class java.time.Instant is not a store supported simple type
2024-12-29T22:25:40.783-05:00 DEBUG 24872 --- [electronico-backend] [           main] o.s.data.convert.CustomConversions       : Adding converter from class java.time.ZoneId to class java.lang.String as writing converter
2024-12-29T22:25:40.783-05:00 DEBUG 24872 --- [electronico-backend] [           main] o.s.data.convert.CustomConversions       : Adding converter from class java.lang.String to class java.time.ZoneId as reading converter
2024-12-29T22:25:40.783-05:00 DEBUG 24872 --- [electronico-backend] [           main] o.s.data.convert.CustomConversions       : Adding converter from class java.time.Duration to class java.lang.String as writing converter
2024-12-29T22:25:40.783-05:00 DEBUG 24872 --- [electronico-backend] [           main] o.s.data.convert.CustomConversions       : Adding converter from class java.lang.String to class java.time.Duration as reading converter
2024-12-29T22:25:40.783-05:00 DEBUG 24872 --- [electronico-backend] [           main] o.s.data.convert.CustomConversions       : Adding converter from class java.time.Period to class java.lang.String as writing converter
2024-12-29T22:25:40.783-05:00 DEBUG 24872 --- [electronico-backend] [           main] o.s.data.convert.CustomConversions       : Adding converter from class java.lang.String to class java.time.Period as reading converter
2024-12-29T22:25:40.783-05:00 DEBUG 24872 --- [electronico-backend] [           main] o.s.data.convert.CustomConversions       : Adding converter from class java.lang.String to class java.time.LocalDate as reading converter
2024-12-29T22:25:40.783-05:00 DEBUG 24872 --- [electronico-backend] [           main] o.s.data.convert.CustomConversions       : Adding converter from class java.lang.String to class java.time.LocalDateTime as reading converter
2024-12-29T22:25:40.783-05:00 DEBUG 24872 --- [electronico-backend] [           main] o.s.data.convert.CustomConversions       : Adding converter from class java.lang.String to class java.time.Instant as reading converter
2024-12-29T22:25:40.785-05:00 DEBUG 24872 --- [electronico-backend] [           main] o.s.b.f.s.DefaultListableBeanFactory     : Creating shared instance of singleton bean 'mongoManagedTypes'
2024-12-29T22:25:40.785-05:00 DEBUG 24872 --- [electronico-backend] [           main] o.s.b.f.s.DefaultListableBeanFactory     : Autowiring by type from bean name 'mongoManagedTypes' via factory method to bean named 'org.springframework.boot.web.reactive.context.GenericReactiveWebApplicationContext@5b69fd74'
2024-12-29T22:25:40.789-05:00 DEBUG 24872 --- [electronico-backend] [           main] ssPathScanningCandidateComponentProvider : Identified candidate component class: file [C:\Users\ASUS\Desktop\ProJava\sistemaElectronico\electronico-backend\target\classes\com\sistema\electronico_backend\entity\Order.class]
2024-12-29T22:25:40.790-05:00 DEBUG 24872 --- [electronico-backend] [           main] o.s.b.f.s.DefaultListableBeanFactory     : Autowiring by type from bean name 'mongoMappingContext' via factory method to bean named 'spring.data.mongodb-org.springframework.boot.autoconfigure.mongo.MongoProperties'
2024-12-29T22:25:40.791-05:00 DEBUG 24872 --- [electronico-backend] [           main] o.s.b.f.s.DefaultListableBeanFactory     : Autowiring by type from bean name 'mongoMappingContext' via factory method to bean named 'mongoCustomConversions'
2024-12-29T22:25:40.791-05:00 DEBUG 24872 --- [electronico-backend] [           main] o.s.b.f.s.DefaultListableBeanFactory     : Autowiring by type from bean name 'mongoMappingContext' via factory method to bean named 'mongoManagedTypes'
2024-12-29T22:25:40.825-05:00 DEBUG 24872 --- [electronico-backend] [           main] o.s.b.f.s.DefaultListableBeanFactory     : Autowiring by type from bean name 'mappingMongoConverter' via factory method to bean named 'mongoMappingContext'
2024-12-29T22:25:40.825-05:00 DEBUG 24872 --- [electronico-backend] [           main] o.s.b.f.s.DefaultListableBeanFactory     : Autowiring by type from bean name 'mappingMongoConverter' via factory method to bean named 'mongoCustomConversions'
2024-12-29T22:25:40.825-05:00 DEBUG 24872 --- [electronico-backend] [           main] o.s.b.f.s.DefaultListableBeanFactory     : Creating shared instance of singleton bean 'mongoDatabaseFactory'
2024-12-29T22:25:40.825-05:00 DEBUG 24872 --- [electronico-backend] [           main] o.s.b.f.s.DefaultListableBeanFactory     : Creating shared instance of singleton bean 'org.springframework.boot.autoconfigure.data.mongo.MongoDatabaseFactoryConfiguration'
2024-12-29T22:25:40.826-05:00 DEBUG 24872 --- [electronico-backend] [           main] o.s.b.f.s.DefaultListableBeanFactory     : Creating shared instance of singleton bean 'mongo'
2024-12-29T22:25:40.826-05:00 DEBUG 24872 --- [electronico-backend] [           main] o.s.b.f.s.DefaultListableBeanFactory     : Autowiring by type from bean name 'mongo' via factory method to bean named 'mongoClientSettings'
2024-12-29T22:25:40.840-05:00  INFO 24872 --- [electronico-backend] [localhost:27017] org.mongodb.driver.cluster               : Monitor thread successfully connected to server with description ServerDescription{address=localhost:27017, type=STANDALONE, cryptd=false, state=CONNECTED, ok=true, minWireVersion=0, maxWireVersion=25, maxDocumentSize=16777216, logicalSessionTimeoutMinutes=30, roundTripTimeNanos=58642200, minRoundTripTimeNanos=0}
2024-12-29T22:25:40.862-05:00  INFO 24872 --- [electronico-backend] [           main] org.mongodb.driver.client                : MongoClient with metadata {"driver": {"name": "mongo-java-driver|sync|spring-boot", "version": "5.2.1"}, "os": {"type": "Windows", "name": "Windows 11", "architecture": "amd64", "version": "10.0"}, "platform": "Java/Oracle Corporation/17.0.11+7-LTS-207"} created with settings MongoClientSettings{readPreference=primary, writeConcern=WriteConcern{w=null, wTimeout=null ms, journal=null}, retryWrites=true, retryReads=true, readConcern=ReadConcern{level=null}, credential=null, transportSettings=NettyTransportSettings{eventLoopGroup=io.netty.channel.nio.NioEventLoopGroup@285bf5ac, socketChannelClass=null, allocator=null, sslContext=null}, commandListeners=[], codecRegistry=ProvidersCodecRegistry{codecProviders=[ValueCodecProvider{}, BsonValueCodecProvider{}, DBRefCodecProvider{}, DBObjectCodecProvider{}, DocumentCodecProvider{}, CollectionCodecProvider{}, IterableCodecProvider{}, MapCodecProvider{}, GeoJsonCodecProvider{}, GridFSFileCodecProvider{}, Jsr310CodecProvider{}, JsonObjectCodecProvider{}, BsonCodecProvider{}, EnumCodecProvider{}, com.mongodb.client.model.mql.ExpressionCodecProvider@15e08615, com.mongodb.Jep395RecordCodecProvider@19dac2d6, com.mongodb.KotlinCodecProvider@7e2bc2f4]}, loggerSettings=LoggerSettings{maxDocumentLength=1000}, clusterSettings={hosts=[localhost:27017], srvServiceName=mongodb, mode=SINGLE, requiredClusterType=UNKNOWN, requiredReplicaSetName='null', serverSelector='null', clusterListeners='[]', serverSelectionTimeout='30000 ms', localThreshold='15 ms'}, socketSettings=SocketSettings{connectTimeoutMS=10000, readTimeoutMS=0, receiveBufferSize=0, proxySettings=ProxySettings{host=null, port=null, username=null, password=null}}, heartbeatSocketSettings=SocketSettings{connectTimeoutMS=10000, readTimeoutMS=10000, receiveBufferSize=0, proxySettings=ProxySettings{host=null, port=null, username=null, password=null}}, connectionPoolSettings=ConnectionPoolSettings{maxSize=100, minSize=0, maxWaitTimeMS=120000, maxConnectionLifeTimeMS=0, maxConnectionIdleTimeMS=0, maintenanceInitialDelayMS=0, maintenanceFrequencyMS=60000, connectionPoolListeners=[], maxConnecting=2}, serverSettings=ServerSettings{heartbeatFrequencyMS=10000, minHeartbeatFrequencyMS=500, serverMonitoringMode=AUTO, serverListeners='[]', serverMonitorListeners='[]'}, sslSettings=SslSettings{enabled=false, invalidHostNameAllowed=false, context=null}, applicationName='null', compressorList=[], uuidRepresentation=JAVA_LEGACY, serverApi=null, autoEncryptionSettings=null, dnsClient=null, inetAddressResolver=null, contextProvider=null, timeoutMS=null}
2024-12-29T22:25:40.863-05:00  INFO 24872 --- [electronico-backend] [localhost:27017] org.mongodb.driver.cluster               : Monitor thread successfully connected to server with description ServerDescription{address=localhost:27017, type=STANDALONE, cryptd=false, state=CONNECTED, ok=true, minWireVersion=0, maxWireVersion=25, maxDocumentSize=16777216, logicalSessionTimeoutMinutes=30, roundTripTimeNanos=3788500, minRoundTripTimeNanos=0}
2024-12-29T22:25:40.864-05:00 DEBUG 24872 --- [electronico-backend] [           main] o.s.b.f.s.DefaultListableBeanFactory     : Autowiring by type from bean name 'mongoDatabaseFactory' via factory method to bean named 'mongo'
2024-12-29T22:25:40.865-05:00 DEBUG 24872 --- [electronico-backend] [           main] o.s.b.f.s.DefaultListableBeanFactory     : Autowiring by type from bean name 'mongoDatabaseFactory' via factory method to bean named 'spring.data.mongodb-org.springframework.boot.autoconfigure.mongo.MongoProperties'
2024-12-29T22:25:40.865-05:00 DEBUG 24872 --- [electronico-backend] [           main] o.s.b.f.s.DefaultListableBeanFactory     : Autowiring by type from bean name 'mongoDatabaseFactory' via factory method to bean named 'mongoConnectionDetails'
2024-12-29T22:25:40.875-05:00 DEBUG 24872 --- [electronico-backend] [           main] o.s.data.convert.CustomConversions       : Adding converter from class java.lang.Character to class java.lang.String as writing converter
2024-12-29T22:25:40.875-05:00 DEBUG 24872 --- [electronico-backend] [           main] o.s.data.convert.CustomConversions       : Adding converter from class java.util.Locale to class java.lang.String as writing converter
2024-12-29T22:25:40.875-05:00 DEBUG 24872 --- [electronico-backend] [           main] o.s.data.convert.CustomConversions       : Adding converter from class java.math.BigDecimal to class java.lang.String as writing converter
2024-12-29T22:25:40.875-05:00 DEBUG 24872 --- [electronico-backend] [           main] o.s.data.convert.CustomConversions       : Adding converter from class java.math.BigDecimal to class org.bson.types.Decimal128 as writing converter
2024-12-29T22:25:40.875-05:00 DEBUG 24872 --- [electronico-backend] [           main] o.s.data.convert.CustomConversions       : Adding converter from class java.lang.String to class java.math.BigDecimal as reading converter
2024-12-29T22:25:40.875-05:00 DEBUG 24872 --- [electronico-backend] [           main] o.s.data.convert.CustomConversions       : Adding converter from class org.bson.types.Decimal128 to class java.math.BigDecimal as reading converter
2024-12-29T22:25:40.875-05:00 DEBUG 24872 --- [electronico-backend] [           main] o.s.data.convert.CustomConversions       : Adding converter from class java.math.BigInteger to class java.lang.String as writing converter
2024-12-29T22:25:40.875-05:00 DEBUG 24872 --- [electronico-backend] [           main] o.s.data.convert.CustomConversions       : Adding converter from class java.lang.String to class java.math.BigInteger as reading converter
2024-12-29T22:25:40.875-05:00 DEBUG 24872 --- [electronico-backend] [           main] o.s.data.convert.CustomConversions       : Adding converter from class java.net.URL to class java.lang.String as writing converter
2024-12-29T22:25:40.875-05:00 DEBUG 24872 --- [electronico-backend] [           main] o.s.data.convert.CustomConversions       : Adding converter from class java.lang.String to class java.net.URL as reading converter
2024-12-29T22:25:40.875-05:00 DEBUG 24872 --- [electronico-backend] [           main] o.s.data.convert.CustomConversions       : Adding converter from class org.bson.Document to class java.lang.String as reading converter
2024-12-29T22:25:40.875-05:00 DEBUG 24872 --- [electronico-backend] [           main] o.s.data.convert.CustomConversions       : Adding converter from class org.springframework.data.mongodb.core.query.Term to class java.lang.String as writing converter
2024-12-29T22:25:40.875-05:00 DEBUG 24872 --- [electronico-backend] [           main] o.s.data.convert.CustomConversions       : Adding converter from class org.springframework.data.mongodb.core.script.NamedMongoScript to class org.bson.Document as writing converter
2024-12-29T22:25:40.875-05:00 DEBUG 24872 --- [electronico-backend] [           main] o.s.data.convert.CustomConversions       : Adding converter from class org.bson.Document to class org.springframework.data.mongodb.core.script.NamedMongoScript as reading converter
2024-12-29T22:25:40.875-05:00 DEBUG 24872 --- [electronico-backend] [           main] o.s.data.convert.CustomConversions       : Adding converter from class java.util.Currency to class java.lang.String as writing converter
2024-12-29T22:25:40.875-05:00 DEBUG 24872 --- [electronico-backend] [           main] o.s.data.convert.CustomConversions       : Adding converter from class java.lang.String to class java.util.Currency as reading converter
2024-12-29T22:25:40.875-05:00 DEBUG 24872 --- [electronico-backend] [           main] o.s.data.convert.CustomConversions       : Adding converter from class java.util.concurrent.atomic.AtomicInteger to class java.lang.Integer as writing converter
2024-12-29T22:25:40.875-05:00 DEBUG 24872 --- [electronico-backend] [           main] o.s.data.convert.CustomConversions       : Adding converter from class java.util.concurrent.atomic.AtomicLong to class java.lang.Long as writing converter
2024-12-29T22:25:40.875-05:00 DEBUG 24872 --- [electronico-backend] [           main] o.s.data.convert.CustomConversions       : Adding converter from class java.lang.Long to class java.util.concurrent.atomic.AtomicLong as reading converter
2024-12-29T22:25:40.875-05:00 DEBUG 24872 --- [electronico-backend] [           main] o.s.data.convert.CustomConversions       : Adding converter from class java.lang.Integer to class java.util.concurrent.atomic.AtomicInteger as reading converter
2024-12-29T22:25:40.876-05:00 DEBUG 24872 --- [electronico-backend] [           main] o.s.data.convert.CustomConversions       : Adding converter from class org.bson.types.Binary to class [B as reading converter
2024-12-29T22:25:40.876-05:00 DEBUG 24872 --- [electronico-backend] [           main] o.s.data.convert.CustomConversions       : Adding converter from class org.bson.BsonTimestamp to class java.time.Instant as reading converter
2024-12-29T22:25:40.876-05:00 DEBUG 24872 --- [electronico-backend] [           main] o.s.data.convert.CustomConversions       : Adding converter from class org.bson.BsonUndefined to class java.lang.Object as reading converter
2024-12-29T22:25:40.876-05:00 DEBUG 24872 --- [electronico-backend] [           main] o.s.data.convert.CustomConversions       : Adding converter from class java.net.URI to class java.lang.String as writing converter
2024-12-29T22:25:40.876-05:00 DEBUG 24872 --- [electronico-backend] [           main] o.s.data.convert.CustomConversions       : Adding converter from class java.lang.String to class java.net.URI as reading converter
2024-12-29T22:25:40.876-05:00 DEBUG 24872 --- [electronico-backend] [           main] o.s.data.convert.CustomConversions       : Adding converter from class org.springframework.data.geo.Box to class org.bson.Document as writing converter
2024-12-29T22:25:40.876-05:00 DEBUG 24872 --- [electronico-backend] [           main] o.s.data.convert.CustomConversions       : Adding converter from class org.springframework.data.geo.Polygon to class org.bson.Document as writing converter
2024-12-29T22:25:40.876-05:00 DEBUG 24872 --- [electronico-backend] [           main] o.s.data.convert.CustomConversions       : Adding converter from class org.springframework.data.geo.Circle to class org.bson.Document as writing converter
2024-12-29T22:25:40.876-05:00 DEBUG 24872 --- [electronico-backend] [           main] o.s.data.convert.CustomConversions       : Adding converter from class org.springframework.data.mongodb.core.geo.Sphere to class org.bson.Document as writing converter
2024-12-29T22:25:40.876-05:00 DEBUG 24872 --- [electronico-backend] [           main] o.s.data.convert.CustomConversions       : Adding converter from class org.bson.Document to class org.springframework.data.geo.Box as reading converter
2024-12-29T22:25:40.876-05:00 DEBUG 24872 --- [electronico-backend] [           main] o.s.data.convert.CustomConversions       : Adding converter from class org.bson.Document to class org.springframework.data.geo.Polygon as reading converter
2024-12-29T22:25:40.876-05:00 DEBUG 24872 --- [electronico-backend] [           main] o.s.data.convert.CustomConversions       : Adding converter from class org.bson.Document to class org.springframework.data.geo.Circle as reading converter
[...]

   OAuth2ResourceServerAutoConfiguration:
      Did not match:
         - @ConditionalOnClass did not find required class 'org.springframework.security.oauth2.server.resource.authentication.BearerTokenAuthenticationToken' (OnClassCondition)

   ProjectInfoAutoConfiguration#buildProperties:
      Did not match:
         - @ConditionalOnResource did not find resource '${spring.info.build.location:classpath:META-INF/build-info.properties}' (OnResourceCondition)

   ProjectInfoAutoConfiguration#gitProperties:
      Did not match:
         - GitResource did not find git info at classpath:git.properties (ProjectInfoAutoConfiguration.GitResourceAvailableCondition)

   PulsarAutoConfiguration:
      Did not match:
         - @ConditionalOnClass did not find required class 'org.apache.pulsar.client.api.PulsarClient' (OnClassCondition)

   PulsarReactiveAutoConfiguration:
      Did not match:
         - @ConditionalOnClass did not find required class 'org.apache.pulsar.client.api.PulsarClient' (OnClassCondition)

   QuartzAutoConfiguration:
      Did not match:
         - @ConditionalOnClass did not find required class 'org.quartz.Scheduler' (OnClassCondition)

   R2dbcProxyAutoConfiguration:
      Did not match:
         - @ConditionalOnClass did not find required class 'io.r2dbc.proxy.ProxyConnectionFactory' (OnClassCondition)

   R2dbcRepositoriesAutoConfiguration:
      Did not match:
         - @ConditionalOnMissingBean (types: org.springframework.data.r2dbc.repository.support.R2dbcRepositoryFactoryBean; SearchStrategy: all) found beans of type 'org.springframework.data.r2dbc.repository.support.R2dbcRepositoryFactoryBean' &productRepository, &customerRepository (OnBeanCondition)
      Matched:
         - @ConditionalOnClass found required classes 'io.r2dbc.spi.ConnectionFactory', 'org.springframework.data.r2dbc.repository.R2dbcRepository' (OnClassCondition)
         - @ConditionalOnProperty (spring.data.r2dbc.repositories.enabled=true) matched (OnPropertyCondition)

   RSocketGraphQlClientAutoConfiguration:
      Did not match:
         - @ConditionalOnClass did not find required class 'graphql.GraphQL' (OnClassCondition)

   RSocketMessagingAutoConfiguration:
      Did not match:
         - @ConditionalOnClass did not find required class 'io.rsocket.RSocket' (OnClassCondition)

   RSocketRequesterAutoConfiguration:
      Did not match:
         - @ConditionalOnClass did not find required class 'io.rsocket.RSocket' (OnClassCondition)

   RSocketSecurityAutoConfiguration:
      Did not match:
         - @ConditionalOnClass did not find required class 'org.springframework.security.rsocket.core.SecuritySocketAcceptorInterceptor' (OnClassCondition)

   RSocketServerAutoConfiguration:
      Did not match:
         - @ConditionalOnClass did not find required class 'io.rsocket.core.RSocketServer' (OnClassCondition)

   RSocketStrategiesAutoConfiguration:
      Did not match:
         - @ConditionalOnClass did not find required class 'io.rsocket.RSocket' (OnClassCondition)

   RabbitAutoConfiguration:
      Did not match:
         - @ConditionalOnClass did not find required class 'com.rabbitmq.client.Channel' (OnClassCondition)

   ReactiveElasticsearchClientAutoConfiguration:
      Did not match:
         - @ConditionalOnClass did not find required class 'co.elastic.clients.transport.ElasticsearchTransport' (OnClassCondition)

   ReactiveElasticsearchRepositoriesAutoConfiguration:
      Did not match:
         - @ConditionalOnClass did not find required class 'org.springframework.data.elasticsearch.client.elc.ReactiveElasticsearchClient' (OnClassCondition)

   ReactiveOAuth2ClientAutoConfiguration:
      Did not match:
         - @ConditionalOnClass did not find required class 'org.springframework.security.config.annotation.web.reactive.EnableWebFluxSecurity' (OnClassCondition)

   ReactiveOAuth2ResourceServerAutoConfiguration:
      Did not match:
         - @ConditionalOnClass did not find required class 'org.springframework.security.config.annotation.web.reactive.EnableWebFluxSecurity' (OnClassCondition)

   ReactiveSecurityAutoConfiguration:
      Did not match:
         - @ConditionalOnClass did not find required class 'org.springframework.security.config.annotation.web.reactive.EnableWebFluxSecurity' (OnClassCondition)

   ReactiveUserDetailsServiceAutoConfiguration:
      Did not match:
         - @ConditionalOnClass did not find required class 'org.springframework.security.authentication.ReactiveAuthenticationManager' (OnClassCondition)

   ReactiveWebServerFactoryAutoConfiguration#forwardedHeaderTransformer:
      Did not match:
         - @ConditionalOnProperty (server.forward-headers-strategy=framework) did not find property 'server.forward-headers-strategy' (OnPropertyCondition)

   ReactiveWebServerFactoryAutoConfiguration#tomcatReactiveWebServerFactoryCustomizer:
      Did not match:
         - @ConditionalOnClass did not find required class 'org.apache.catalina.startup.Tomcat' (OnClassCondition)

   ReactiveWebServerFactoryConfiguration.EmbeddedJetty:
      Did not match:
         - @ConditionalOnClass did not find required classes 'org.eclipse.jetty.server.Server', 'org.eclipse.jetty.ee10.servlet.ServletHolder' (OnClassCondition)

   ReactiveWebServerFactoryConfiguration.EmbeddedTomcat:
      Did not match:
         - @ConditionalOnClass did not find required class 'org.apache.catalina.startup.Tomcat' (OnClassCondition)

   ReactiveWebServerFactoryConfiguration.EmbeddedUndertow:
      Did not match:
         - @ConditionalOnClass did not find required class 'io.undertow.Undertow' (OnClassCondition)

   RedisAutoConfiguration:
      Did not match:
         - @ConditionalOnClass did not find required class 'org.springframework.data.redis.core.RedisOperations' (OnClassCondition)

   RedisCacheConfiguration:
      Did not match:
         - @ConditionalOnClass did not find required class 'org.springframework.data.redis.connection.RedisConnectionFactory' (OnClassCondition)

   RedisReactiveAutoConfiguration:
      Did not match:
         - @ConditionalOnClass did not find required class 'org.springframework.data.redis.connection.ReactiveRedisConnectionFactory' (OnClassCondition)

   RedisRepositoriesAutoConfiguration:
      Did not match:
         - @ConditionalOnClass did not find required class 'org.springframework.data.redis.repository.configuration.EnableRedisRepositories' (OnClassCondition)

   RepositoryRestMvcAutoConfiguration:
      Did not match:
         - @ConditionalOnClass did not find required class 'org.springframework.data.rest.webmvc.config.RepositoryRestMvcConfiguration' (OnClassCondition)

   RestClientAutoConfiguration:
      Did not match:
         - NoneNestedConditions 1 matched 0 did not; NestedCondition on NotReactiveWebApplicationCondition.ReactiveWebApplication found ConfigurableReactiveWebEnvironment (NotReactiveWebApplicationCondition)
      Matched:
         - @ConditionalOnClass found required class 'org.springframework.web.client.RestClient' (OnClassCondition)

   RestTemplateAutoConfiguration:
      Did not match:
         - NoneNestedConditions 1 matched 0 did not; NestedCondition on NotReactiveWebApplicationCondition.ReactiveWebApplication found ConfigurableReactiveWebEnvironment (NotReactiveWebApplicationCondition)
      Matched:
         - @ConditionalOnClass found required class 'org.springframework.web.client.RestTemplate' (OnClassCondition)

   Saml2RelyingPartyAutoConfiguration:
      Did not match:
         - @ConditionalOnClass did not find required class 'org.springframework.security.saml2.provider.service.registration.RelyingPartyRegistrationRepository' (OnClassCondition)

   SecurityAutoConfiguration:
      Did not match:
         - @ConditionalOnClass did not find required class 'org.springframework.security.authentication.DefaultAuthenticationEventPublisher' (OnClassCondition)

   SecurityFilterAutoConfiguration:
      Did not match:
         - @ConditionalOnClass did not find required class 'org.springframework.security.config.http.SessionCreationPolicy' (OnClassCondition)

   SendGridAutoConfiguration:
      Did not match:
         - @ConditionalOnClass did not find required class 'com.sendgrid.SendGrid' (OnClassCondition)

   ServletWebServerFactoryAutoConfiguration:
      Did not match:
         - @ConditionalOnClass did not find required class 'jakarta.servlet.ServletRequest' (OnClassCondition)

   SessionAutoConfiguration:
      Did not match:
         - @ConditionalOnClass did not find required class 'org.springframework.session.Session' (OnClassCondition)

   SpringApplicationAdminJmxAutoConfiguration:
      Did not match:
         - @ConditionalOnProperty (spring.application.admin.enabled=true) did not find property 'enabled' (OnPropertyCondition)

   SpringDataWebAutoConfiguration:
      Did not match:
         - @ConditionalOnClass did not find required class 'org.springframework.web.servlet.config.annotation.WebMvcConfigurer' (OnClassCondition)

   TaskExecutorConfigurations.SimpleAsyncTaskExecutorBuilderConfiguration#simpleAsyncTaskExecutorBuilderVirtualThreads:
      Did not match:
         - @ConditionalOnMissingBean (types: org.springframework.boot.task.SimpleAsyncTaskExecutorBuilder; SearchStrategy: all) found beans of type 'org.springframework.boot.task.SimpleAsyncTaskExecutorBuilder' simpleAsyncTaskExecutorBuilder (OnBeanCondition)

   TaskExecutorConfigurations.TaskExecutorConfiguration#applicationTaskExecutorVirtualThreads:
      Did not match:
         - @ConditionalOnThreading did not find VIRTUAL (OnThreadingCondition)

   TaskSchedulingAutoConfiguration#scheduledBeanLazyInitializationExcludeFilter:
      Did not match:
         - @ConditionalOnBean (names: org.springframework.context.annotation.internalScheduledAnnotationProcessor; SearchStrategy: all) did not find any beans named org.springframework.context.annotation.internalScheduledAnnotationProcessor (OnBeanCondition)

   TaskSchedulingConfigurations.SimpleAsyncTaskSchedulerBuilderConfiguration#simpleAsyncTaskSchedulerBuilderVirtualThreads:
      Did not match:
         - @ConditionalOnMissingBean (types: org.springframework.boot.task.SimpleAsyncTaskSchedulerBuilder; SearchStrategy: all) found beans of type 'org.springframework.boot.task.SimpleAsyncTaskSchedulerBuilder' simpleAsyncTaskSchedulerBuilder (OnBeanCondition)

   TaskSchedulingConfigurations.TaskSchedulerConfiguration:
      Did not match:
         - @ConditionalOnBean (names: org.springframework.context.annotation.internalScheduledAnnotationProcessor; SearchStrategy: all) did not find any beans named org.springframework.context.annotation.internalScheduledAnnotationProcessor (OnBeanCondition)

   ThymeleafAutoConfiguration:
      Did not match:
         - @ConditionalOnClass did not find required class 'org.thymeleaf.spring6.SpringTemplateEngine' (OnClassCondition)

   TransactionAutoConfiguration.AspectJTransactionManagementConfiguration:
      Did not match:
         - @ConditionalOnBean did not find required type 'org.springframework.transaction.aspectj.AbstractTransactionAspect' (OnBeanCondition)
         - @ConditionalOnBean (types: org.springframework.transaction.aspectj.AbstractTransactionAspect; SearchStrategy: all) did not find any beans of type org.springframework.transaction.aspectj.AbstractTransactionAspect (OnBeanCondition)

   TransactionAutoConfiguration.EnableTransactionManagementConfiguration.JdkDynamicAutoProxyConfiguration:
      Did not match:
         - @ConditionalOnProperty (spring.aop.proxy-target-class=false) did not find property 'proxy-target-class' (OnPropertyCondition)

   TransactionAutoConfiguration.TransactionTemplateConfiguration:
      Did not match:
         - @ConditionalOnSingleCandidate (types: org.springframework.transaction.PlatformTransactionManager; SearchStrategy: all) did not find any beans (OnBeanCondition)

   UserDetailsServiceAutoConfiguration:
      Did not match:
         - @ConditionalOnClass did not find required class 'org.springframework.security.authentication.AuthenticationManager' (OnClassCondition)

   WebFluxAutoConfiguration#hiddenHttpMethodFilter:
      Did not match:
         - @ConditionalOnProperty (spring.webflux.hiddenmethod.filter.enabled) did not find property 'enabled' (OnPropertyCondition)

   WebFluxAutoConfiguration.ProblemDetailsErrorHandlingConfiguration:
      Did not match:
         - @ConditionalOnProperty (spring.webflux.problemdetails.enabled=true) did not find property 'enabled' (OnPropertyCondition)

   WebFluxAutoConfiguration.ResourceChainCustomizerConfiguration:
      Did not match:
         - @ConditionalOnEnabledResourceChain did not find class org.webjars.WebJarVersionLocator (OnEnabledResourceChainCondition)

   WebMvcAutoConfiguration:
      Did not match:
         - @ConditionalOnClass did not find required class 'jakarta.servlet.Servlet' (OnClassCondition)

   WebServiceTemplateAutoConfiguration:
      Did not match:
         - @ConditionalOnClass did not find required class 'org.springframework.oxm.Marshaller' (OnClassCondition)

   WebServicesAutoConfiguration:
      Did not match:
         - @ConditionalOnClass did not find required class 'org.springframework.ws.transport.http.MessageDispatcherServlet' (OnClassCondition)

   WebSocketMessagingAutoConfiguration:
      Did not match:
         - @ConditionalOnClass did not find required class 'org.springframework.web.socket.config.annotation.WebSocketMessageBrokerConfigurer' (OnClassCondition)

   WebSocketReactiveAutoConfiguration:
      Did not match:
         - @ConditionalOnClass did not find required class 'jakarta.servlet.Servlet' (OnClassCondition)

   WebSocketServletAutoConfiguration:
      Did not match:
         - @ConditionalOnClass did not find required class 'jakarta.servlet.Servlet' (OnClassCondition)

   XADataSourceAutoConfiguration:
      Did not match:
         - @ConditionalOnClass did not find required class 'jakarta.transaction.TransactionManager' (OnClassCondition)


Exclusions:
-----------

    None


Unconditional classes:
----------------------

    org.springframework.boot.autoconfigure.context.ConfigurationPropertiesAutoConfiguration

    org.springframework.boot.autoconfigure.ssl.SslAutoConfiguration

    org.springframework.boot.autoconfigure.context.PropertyPlaceholderAutoConfiguration

    org.springframework.boot.autoconfigure.context.LifecycleAutoConfiguration

    org.springframework.boot.autoconfigure.availability.ApplicationAvailabilityAutoConfiguration

    org.springframework.boot.autoconfigure.info.ProjectInfoAutoConfiguration



2024-12-29T22:25:41.548-05:00  INFO 24872 --- [electronico-backend] [           main] c.s.e.ElectronicoBackendApplicationTests : Started ElectronicoBackendApplicationTests in 2.832 seconds (process running for 3.744)
2024-12-29T22:25:41.549-05:00 DEBUG 24872 --- [electronico-backend] [           main] o.s.b.a.ApplicationAvailabilityBean      : Application availability state LivenessState changed to CORRECT
2024-12-29T22:25:41.552-05:00 DEBUG 24872 --- [electronico-backend] [           main] o.s.b.a.ApplicationAvailabilityBean      : Application availability state ReadinessState changed to ACCEPTING_TRAFFIC
2024-12-29T22:25:41.554-05:00 DEBUG 24872 --- [electronico-backend] [           main] org.springframework.test.context.cache   : Spring test ApplicationContext cache statistics: [DefaultContextCache@6b64429e size = 1, maxSize = 32, parentContextCount = 0, hitCount = 0, missCount = 1, failureCount = 0]
2024-12-29T22:25:41.556-05:00 DEBUG 24872 --- [electronico-backend] [           main] org.springframework.test.context.cache   : Spring test ApplicationContext cache statistics: [DefaultContextCache@6b64429e size = 1, maxSize = 32, parentContextCount = 0, hitCount = 1, missCount = 1, failureCount = 0]
2024-12-29T22:25:41.564-05:00 DEBUG 24872 --- [electronico-backend] [           main] sContextBeforeModesTestExecutionListener : Before test method: class [ElectronicoBackendApplicationTests], method [contextLoads], class annotated with @DirtiesContext [false] with mode [null], method annotated with @DirtiesContext [false] with mode [null]
2024-12-29T22:25:41.567-05:00 DEBUG 24872 --- [electronico-backend] [           main] org.springframework.test.context.cache   : Spring test ApplicationContext cache statistics: [DefaultContextCache@6b64429e size = 1, maxSize = 32, parentContextCount = 0, hitCount = 2, missCount = 1, failureCount = 0]
2024-12-29T22:25:41.568-05:00 DEBUG 24872 --- [electronico-backend] [           main] org.springframework.test.context.cache   : Spring test ApplicationContext cache statistics: [DefaultContextCache@6b64429e size = 1, maxSize = 32, parentContextCount = 0, hitCount = 3, missCount = 1, failureCount = 0]
2024-12-29T22:25:42.333-05:00 DEBUG 24872 --- [electronico-backend] [           main] org.springframework.test.context.cache   : Spring test ApplicationContext cache statistics: [DefaultContextCache@6b64429e size = 1, maxSize = 32, parentContextCount = 0, hitCount = 4, missCount = 1, failureCount = 0]
2024-12-29T22:25:42.339-05:00 DEBUG 24872 --- [electronico-backend] [           main] org.springframework.test.context.cache   : Spring test ApplicationContext cache statistics: [DefaultContextCache@6b64429e size = 1, maxSize = 32, parentContextCount = 0, hitCount = 5, missCount = 1, failureCount = 0]
2024-12-29T22:25:42.346-05:00 DEBUG 24872 --- [electronico-backend] [           main] org.springframework.test.context.cache   : Spring test ApplicationContext cache statistics: [DefaultContextCache@6b64429e size = 1, maxSize = 32, parentContextCount = 0, hitCount = 6, missCount = 1, failureCount = 0]
2024-12-29T22:25:42.347-05:00 DEBUG 24872 --- [electronico-backend] [           main] org.springframework.test.context.cache   : Spring test ApplicationContext cache statistics: [DefaultContextCache@6b64429e size = 1, maxSize = 32, parentContextCount = 0, hitCount = 7, missCount = 1, failureCount = 0]
2024-12-29T22:25:42.348-05:00 DEBUG 24872 --- [electronico-backend] [           main] org.springframework.test.context.cache   : Spring test ApplicationContext cache statistics: [DefaultContextCache@6b64429e size = 1, maxSize = 32, parentContextCount = 0, hitCount = 8, missCount = 1, failureCount = 0]
2024-12-29T22:25:42.348-05:00 DEBUG 24872 --- [electronico-backend] [           main] org.springframework.test.context.cache   : Spring test ApplicationContext cache statistics: [DefaultContextCache@6b64429e size = 1, maxSize = 32, parentContextCount = 0, hitCount = 9, missCount = 1, failureCount = 0]
2024-12-29T22:25:42.349-05:00 DEBUG 24872 --- [electronico-backend] [           main] org.springframework.test.context.cache   : Spring test ApplicationContext cache statistics: [DefaultContextCache@6b64429e size = 1, maxSize = 32, parentContextCount = 0, hitCount = 10, missCount = 1, failureCount = 0]
2024-12-29T22:25:42.349-05:00 DEBUG 24872 --- [electronico-backend] [           main] org.springframework.test.context.cache   : Spring test ApplicationContext cache statistics: [DefaultContextCache@6b64429e size = 1, maxSize = 32, parentContextCount = 0, hitCount = 11, missCount = 1, failureCount = 0]
2024-12-29T22:25:42.350-05:00 DEBUG 24872 --- [electronico-backend] [           main] org.springframework.test.context.cache   : Spring test ApplicationContext cache statistics: [DefaultContextCache@6b64429e size = 1, maxSize = 32, parentContextCount = 0, hitCount = 12, missCount = 1, failureCount = 0]
2024-12-29T22:25:42.351-05:00 DEBUG 24872 --- [electronico-backend] [           main] .c.s.DirtiesContextTestExecutionListener : After test method: class [ElectronicoBackendApplicationTests], method [contextLoads], class annotated with @DirtiesContext [false] with mode [null], method annotated with @DirtiesContext [false] with mode [null]
]]></system-out>
  </testcase>
</testsuite>